[[32mINFO [m] 2020-09-06 01:10:48,105 Bootstrap.main() - Tomcat starts up
[[32mINFO [m] 2020-09-06 01:10:48,109 Bootstrap.logJVM() - Server version:		Alex's Tomcat - v1.0.0
[[32mINFO [m] 2020-09-06 01:10:48,109 Bootstrap.logJVM() - Server built:		2020-09-04 10:20:22
[[32mINFO [m] 2020-09-06 01:10:48,109 Bootstrap.logJVM() - Server number:		1.0.1
[[32mINFO [m] 2020-09-06 01:10:48,109 Bootstrap.logJVM() - OS Name	:		Mac OS X
[[32mINFO [m] 2020-09-06 01:10:48,109 Bootstrap.logJVM() - OS Version:		10.15.6
[[32mINFO [m] 2020-09-06 01:10:48,109 Bootstrap.logJVM() - Architecture:		x86_64
[[32mINFO [m] 2020-09-06 01:10:48,110 Bootstrap.logJVM() - Java Home:		/Library/Java/JavaVirtualMachines/adoptopenjdk-8.jdk/Contents/Home/jre
[[32mINFO [m] 2020-09-06 01:10:48,110 Bootstrap.logJVM() - JVM Version:		1.8.0_265-b01
[[32mINFO [m] 2020-09-06 01:10:48,110 Bootstrap.logJVM() - JVM Vendor:		Oracle Corporation
[[32mINFO [m] 2020-09-06 01:10:52,579 Bootstrap.main() - Request uri=/
[[32mINFO [m] 2020-09-06 01:10:52,586 Bootstrap.main() - Request uri=/a.html
[[32mINFO [m] 2020-09-06 01:10:52,597 Bootstrap.main() - Request uri=/timeConsume.html
[[32mINFO [m] 2020-09-06 01:10:53,602 Bootstrap.main() - Request uri=/timeConsume.html
[[32mINFO [m] 2020-09-06 01:10:54,603 Bootstrap.main() - Request uri=/timeConsume.html
[[32mINFO [m] 2020-09-06 01:11:23,712 Bootstrap.main() - Tomcat starts up
[[32mINFO [m] 2020-09-06 01:11:23,716 Bootstrap.logJVM() - Server version:		Alex's Tomcat - v1.0.0
[[32mINFO [m] 2020-09-06 01:11:23,716 Bootstrap.logJVM() - Server built:		2020-09-04 10:20:22
[[32mINFO [m] 2020-09-06 01:11:23,717 Bootstrap.logJVM() - Server number:		1.0.1
[[32mINFO [m] 2020-09-06 01:11:23,717 Bootstrap.logJVM() - OS Name	:		Mac OS X
[[32mINFO [m] 2020-09-06 01:11:23,717 Bootstrap.logJVM() - OS Version:		10.15.6
[[32mINFO [m] 2020-09-06 01:11:23,717 Bootstrap.logJVM() - Architecture:		x86_64
[[32mINFO [m] 2020-09-06 01:11:23,717 Bootstrap.logJVM() - Java Home:		/Library/Java/JavaVirtualMachines/adoptopenjdk-8.jdk/Contents/Home/jre
[[32mINFO [m] 2020-09-06 01:11:23,717 Bootstrap.logJVM() - JVM Version:		1.8.0_265-b01
[[32mINFO [m] 2020-09-06 01:11:23,717 Bootstrap.logJVM() - JVM Vendor:		Oracle Corporation
[[32mINFO [m] 2020-09-06 01:11:43,074 Bootstrap.main() - Request uri=/
[[32mINFO [m] 2020-09-06 01:11:43,081 Bootstrap.main() - Request uri=/a.html
[[32mINFO [m] 2020-09-06 01:11:43,091 Bootstrap.main() - Request uri=/timeConsume.html
[[32mINFO [m] 2020-09-06 01:11:44,092 Bootstrap.main() - Request uri=/timeConsume.html
[[32mINFO [m] 2020-09-06 01:11:45,094 Bootstrap.main() - Request uri=/timeConsume.html
[[32mINFO [m] 2020-09-06 15:13:10,500 Bootstrap.main() - Tomcat starts up
[[32mINFO [m] 2020-09-06 15:13:10,505 Bootstrap.logJVM() - Server version:		Alex's Tomcat - v1.0.0
[[32mINFO [m] 2020-09-06 15:13:10,505 Bootstrap.logJVM() - Server built:		2020-09-04 10:20:22
[[32mINFO [m] 2020-09-06 15:13:10,505 Bootstrap.logJVM() - Server number:		1.0.1
[[32mINFO [m] 2020-09-06 15:13:10,505 Bootstrap.logJVM() - OS Name	:		Mac OS X
[[32mINFO [m] 2020-09-06 15:13:10,506 Bootstrap.logJVM() - OS Version:		10.15.6
[[32mINFO [m] 2020-09-06 15:13:10,506 Bootstrap.logJVM() - Architecture:		x86_64
[[32mINFO [m] 2020-09-06 15:13:10,506 Bootstrap.logJVM() - Java Home:		/Library/Java/JavaVirtualMachines/adoptopenjdk-8.jdk/Contents/Home/jre
[[32mINFO [m] 2020-09-06 15:13:10,506 Bootstrap.logJVM() - JVM Version:		1.8.0_265-b01
[[32mINFO [m] 2020-09-06 15:13:10,506 Bootstrap.logJVM() - JVM Vendor:		Oracle Corporation
[[32mINFO [m] 2020-09-06 15:15:51,172 Bootstrap.main() - Tomcat starts up
[[32mINFO [m] 2020-09-06 15:15:51,175 Bootstrap.logJVM() - Server version:		Alex's Tomcat - v1.0.0
[[32mINFO [m] 2020-09-06 15:15:51,176 Bootstrap.logJVM() - Server built:		2020-09-04 10:20:22
[[32mINFO [m] 2020-09-06 15:15:51,176 Bootstrap.logJVM() - Server number:		1.0.1
[[32mINFO [m] 2020-09-06 15:15:51,176 Bootstrap.logJVM() - OS Name	:		Mac OS X
[[32mINFO [m] 2020-09-06 15:15:51,176 Bootstrap.logJVM() - OS Version:		10.15.6
[[32mINFO [m] 2020-09-06 15:15:51,176 Bootstrap.logJVM() - Architecture:		x86_64
[[32mINFO [m] 2020-09-06 15:15:51,176 Bootstrap.logJVM() - Java Home:		/Library/Java/JavaVirtualMachines/adoptopenjdk-8.jdk/Contents/Home/jre
[[32mINFO [m] 2020-09-06 15:15:51,176 Bootstrap.logJVM() - JVM Version:		1.8.0_265-b01
[[32mINFO [m] 2020-09-06 15:15:51,176 Bootstrap.logJVM() - JVM Vendor:		Oracle Corporation
[[32mINFO [m] 2020-09-06 15:15:55,261 Bootstrap.run() - Request uri=/
[[32mINFO [m] 2020-09-06 15:15:55,269 Bootstrap.run() - Request uri=/a.html
[[32mINFO [m] 2020-09-06 15:15:55,280 Bootstrap.run() - Request uri=/timeConsume.html
[[32mINFO [m] 2020-09-06 15:15:55,280 Bootstrap.run() - Request uri=/timeConsume.html
[[32mINFO [m] 2020-09-06 15:15:55,280 Bootstrap.run() - Request uri=/timeConsume.html
[[32mINFO [m] 2020-09-06 15:38:42,920 Bootstrap.main() - Tomcat starts up
[[32mINFO [m] 2020-09-06 15:38:42,924 Bootstrap.logJVM() - Server version:		Alex's Tomcat - v1.0.0
[[32mINFO [m] 2020-09-06 15:38:42,924 Bootstrap.logJVM() - Server built:		2020-09-04 10:20:22
[[32mINFO [m] 2020-09-06 15:38:42,924 Bootstrap.logJVM() - Server number:		1.0.1
[[32mINFO [m] 2020-09-06 15:38:42,924 Bootstrap.logJVM() - OS Name	:		Mac OS X
[[32mINFO [m] 2020-09-06 15:38:42,924 Bootstrap.logJVM() - OS Version:		10.15.6
[[32mINFO [m] 2020-09-06 15:38:42,924 Bootstrap.logJVM() - Architecture:		x86_64
[[32mINFO [m] 2020-09-06 15:38:42,924 Bootstrap.logJVM() - Java Home:		/Library/Java/JavaVirtualMachines/adoptopenjdk-8.jdk/Contents/Home/jre
[[32mINFO [m] 2020-09-06 15:38:42,925 Bootstrap.logJVM() - JVM Version:		1.8.0_265-b01
[[32mINFO [m] 2020-09-06 15:38:42,925 Bootstrap.logJVM() - JVM Vendor:		Oracle Corporation
[[32mINFO [m] 2020-09-06 15:38:42,928 Context.<init>() - Deploying web app directory: /Users/alexchen/programs/diytomcat/webapps/a
[[32mINFO [m] 2020-09-06 15:38:42,928 Context.<init>() - Deployment of web app directory /Users/alexchen/programs/diytomcat/webapps/a is done in 1 ms
[[32mINFO [m] 2020-09-06 15:38:42,928 Context.<init>() - Deploying web app directory: /Users/alexchen/programs/diytomcat/webapps/ROOT
[[32mINFO [m] 2020-09-06 15:38:42,928 Context.<init>() - Deployment of web app directory /Users/alexchen/programs/diytomcat/webapps/ROOT is done in 0 ms
[[32mINFO [m] 2020-09-06 15:38:52,010 Bootstrap.run() - Request uri=/
[[32mINFO [m] 2020-09-06 15:38:52,020 Bootstrap.run() - Request uri=/a.html
[[32mINFO [m] 2020-09-06 15:38:52,031 Bootstrap.run() - Request uri=/timeConsume.html
[[32mINFO [m] 2020-09-06 15:38:52,032 Bootstrap.run() - Request uri=/timeConsume.html
[[32mINFO [m] 2020-09-06 15:38:52,031 Bootstrap.run() - Request uri=/timeConsume.html
[[32mINFO [m] 2020-09-06 15:38:53,038 Bootstrap.run() - Request uri=/a/index.html
[[32mINFO [m] 2020-09-06 15:39:11,163 Bootstrap.run() - Request uri=/a/index.html
[[32mINFO [m] 2020-09-06 15:40:18,805 Bootstrap.main() - Tomcat starts up
[[32mINFO [m] 2020-09-06 15:40:18,809 Bootstrap.logJVM() - Server version:		Alex's Tomcat - v1.0.0
[[32mINFO [m] 2020-09-06 15:40:18,809 Bootstrap.logJVM() - Server built:		2020-09-04 10:20:22
[[32mINFO [m] 2020-09-06 15:40:18,809 Bootstrap.logJVM() - Server number:		1.0.1
[[32mINFO [m] 2020-09-06 15:40:18,809 Bootstrap.logJVM() - OS Name	:		Mac OS X
[[32mINFO [m] 2020-09-06 15:40:18,809 Bootstrap.logJVM() - OS Version:		10.15.6
[[32mINFO [m] 2020-09-06 15:40:18,809 Bootstrap.logJVM() - Architecture:		x86_64
[[32mINFO [m] 2020-09-06 15:40:18,809 Bootstrap.logJVM() - Java Home:		/Library/Java/JavaVirtualMachines/adoptopenjdk-8.jdk/Contents/Home/jre
[[32mINFO [m] 2020-09-06 15:40:18,809 Bootstrap.logJVM() - JVM Version:		1.8.0_265-b01
[[32mINFO [m] 2020-09-06 15:40:18,809 Bootstrap.logJVM() - JVM Vendor:		Oracle Corporation
[[32mINFO [m] 2020-09-06 15:40:18,813 Context.<init>() - Deploying web app directory: /Users/alexchen/programs/diytomcat/webapps/a
[[32mINFO [m] 2020-09-06 15:40:18,813 Context.<init>() - Deployment of web app directory /Users/alexchen/programs/diytomcat/webapps/a is done in 1 ms
[[32mINFO [m] 2020-09-06 15:40:18,813 Context.<init>() - Deploying web app directory: /Users/alexchen/programs/diytomcat/webapps/ROOT
[[32mINFO [m] 2020-09-06 15:40:18,813 Context.<init>() - Deployment of web app directory /Users/alexchen/programs/diytomcat/webapps/ROOT is done in 0 ms
[[32mINFO [m] 2020-09-06 15:40:21,676 Request.<init>() - Request -- /a/index.html with Context -- Context(path=/a, docBase=/Users/alexchen/programs/diytomcat/webapps/a)
[[32mINFO [m] 2020-09-06 15:40:21,676 Bootstrap.run() - Request uri=/a/index.html
[[32mINFO [m] 2020-09-06 15:44:39,608 Bootstrap.main() - Tomcat starts up
[[32mINFO [m] 2020-09-06 15:44:39,612 Bootstrap.logJVM() - Server version:		Alex's Tomcat - v1.0.0
[[32mINFO [m] 2020-09-06 15:44:39,612 Bootstrap.logJVM() - Server built:		2020-09-04 10:20:22
[[32mINFO [m] 2020-09-06 15:44:39,612 Bootstrap.logJVM() - Server number:		1.0.1
[[32mINFO [m] 2020-09-06 15:44:39,613 Bootstrap.logJVM() - OS Name	:		Mac OS X
[[32mINFO [m] 2020-09-06 15:44:39,613 Bootstrap.logJVM() - OS Version:		10.15.6
[[32mINFO [m] 2020-09-06 15:44:39,613 Bootstrap.logJVM() - Architecture:		x86_64
[[32mINFO [m] 2020-09-06 15:44:39,613 Bootstrap.logJVM() - Java Home:		/Library/Java/JavaVirtualMachines/adoptopenjdk-8.jdk/Contents/Home/jre
[[32mINFO [m] 2020-09-06 15:44:39,613 Bootstrap.logJVM() - JVM Version:		1.8.0_265-b01
[[32mINFO [m] 2020-09-06 15:44:39,613 Bootstrap.logJVM() - JVM Vendor:		Oracle Corporation
[[32mINFO [m] 2020-09-06 15:44:39,616 Context.<init>() - Deploying web app directory: /Users/alexchen/programs/diytomcat/webapps/a
[[32mINFO [m] 2020-09-06 15:44:39,616 Context.<init>() - Deployment of web app directory /Users/alexchen/programs/diytomcat/webapps/a is done in 1 ms
[[32mINFO [m] 2020-09-06 15:44:39,616 Context.<init>() - Deploying web app directory: /Users/alexchen/programs/diytomcat/webapps/ROOT
[[32mINFO [m] 2020-09-06 15:44:39,617 Context.<init>() - Deployment of web app directory /Users/alexchen/programs/diytomcat/webapps/ROOT is done in 1 ms
[[32mINFO [m] 2020-09-06 15:44:42,095 Request.<init>() - Request -- /index.html with Context -- Context(path=/a, docBase=/Users/alexchen/programs/diytomcat/webapps/a)
[[32mINFO [m] 2020-09-06 15:44:42,096 Bootstrap.run() - Request uri=/index.html
[[32mINFO [m] 2020-09-06 15:44:51,163 Request.<init>() - Request -- / with Context -- Context(path=/, docBase=/Users/alexchen/programs/diytomcat/webapps/ROOT)
[[32mINFO [m] 2020-09-06 15:44:51,164 Bootstrap.run() - Request uri=/
[[32mINFO [m] 2020-09-06 15:44:51,165 Request.<init>() - Request -- /a.html with Context -- Context(path=/, docBase=/Users/alexchen/programs/diytomcat/webapps/ROOT)
[[32mINFO [m] 2020-09-06 15:44:51,166 Bootstrap.run() - Request uri=/a.html
[[32mINFO [m] 2020-09-06 15:44:51,171 Request.<init>() - Request -- /timeConsume.html with Context -- Context(path=/, docBase=/Users/alexchen/programs/diytomcat/webapps/ROOT)
[[32mINFO [m] 2020-09-06 15:44:51,171 Request.<init>() - Request -- /timeConsume.html with Context -- Context(path=/, docBase=/Users/alexchen/programs/diytomcat/webapps/ROOT)
[[32mINFO [m] 2020-09-06 15:44:51,172 Request.<init>() - Request -- /timeConsume.html with Context -- Context(path=/, docBase=/Users/alexchen/programs/diytomcat/webapps/ROOT)
[[32mINFO [m] 2020-09-06 15:44:51,172 Bootstrap.run() - Request uri=/timeConsume.html
[[32mINFO [m] 2020-09-06 15:44:51,172 Bootstrap.run() - Request uri=/timeConsume.html
[[32mINFO [m] 2020-09-06 15:44:51,173 Bootstrap.run() - Request uri=/timeConsume.html
[[32mINFO [m] 2020-09-06 15:44:52,178 Request.<init>() - Request -- /index.html with Context -- Context(path=/a, docBase=/Users/alexchen/programs/diytomcat/webapps/a)
[[32mINFO [m] 2020-09-06 15:44:52,178 Bootstrap.run() - Request uri=/index.html
[[32mINFO [m] 2020-09-06 15:58:04,973 Bootstrap.main() - Tomcat starts up
[[32mINFO [m] 2020-09-06 15:58:04,977 Bootstrap.logJVM() - Server version:		Alex's Tomcat - v1.0.0
[[32mINFO [m] 2020-09-06 15:58:04,977 Bootstrap.logJVM() - Server built:		2020-09-04 10:20:22
[[32mINFO [m] 2020-09-06 15:58:04,977 Bootstrap.logJVM() - Server number:		1.0.1
[[32mINFO [m] 2020-09-06 15:58:04,977 Bootstrap.logJVM() - OS Name	:		Mac OS X
[[32mINFO [m] 2020-09-06 15:58:04,977 Bootstrap.logJVM() - OS Version:		10.15.6
[[32mINFO [m] 2020-09-06 15:58:04,977 Bootstrap.logJVM() - Architecture:		x86_64
[[32mINFO [m] 2020-09-06 15:58:04,977 Bootstrap.logJVM() - Java Home:		/Library/Java/JavaVirtualMachines/adoptopenjdk-8.jdk/Contents/Home/jre
[[32mINFO [m] 2020-09-06 15:58:04,978 Bootstrap.logJVM() - JVM Version:		1.8.0_265-b01
[[32mINFO [m] 2020-09-06 15:58:04,978 Bootstrap.logJVM() - JVM Vendor:		Oracle Corporation
[[32mINFO [m] 2020-09-06 15:58:04,981 Context.<init>() - Deploying web app directory: /Users/alexchen/programs/diytomcat/webapps/a
[[32mINFO [m] 2020-09-06 15:58:04,981 Context.<init>() - Deployment of web app directory /Users/alexchen/programs/diytomcat/webapps/a is done in 1 ms
[[32mINFO [m] 2020-09-06 15:58:04,981 Context.<init>() - Deploying web app directory: /Users/alexchen/programs/diytomcat/webapps/ROOT
[[32mINFO [m] 2020-09-06 15:58:04,981 Context.<init>() - Deployment of web app directory /Users/alexchen/programs/diytomcat/webapps/ROOT is done in 0 ms
[[32mINFO [m] 2020-09-06 15:58:05,026 Context.<init>() - Deploying web app directory: /Users/alexchen/programs/diytomcat/b
[[32mINFO [m] 2020-09-06 15:58:05,026 Context.<init>() - Deployment of web app directory /Users/alexchen/programs/diytomcat/b is done in 0 ms
[[32mINFO [m] 2020-09-06 15:58:08,811 Request.<init>() - Request -- / with Context -- Context(path=/, docBase=/Users/alexchen/programs/diytomcat/webapps/ROOT)
[[32mINFO [m] 2020-09-06 15:58:08,811 Bootstrap.run() - Request uri=/
[[32mINFO [m] 2020-09-06 15:58:08,816 Request.<init>() - Request -- /a.html with Context -- Context(path=/, docBase=/Users/alexchen/programs/diytomcat/webapps/ROOT)
[[32mINFO [m] 2020-09-06 15:58:08,816 Bootstrap.run() - Request uri=/a.html
[[32mINFO [m] 2020-09-06 15:58:08,823 Request.<init>() - Request -- /timeConsume.html with Context -- Context(path=/, docBase=/Users/alexchen/programs/diytomcat/webapps/ROOT)
[[32mINFO [m] 2020-09-06 15:58:08,823 Request.<init>() - Request -- /timeConsume.html with Context -- Context(path=/, docBase=/Users/alexchen/programs/diytomcat/webapps/ROOT)
[[32mINFO [m] 2020-09-06 15:58:08,823 Request.<init>() - Request -- /timeConsume.html with Context -- Context(path=/, docBase=/Users/alexchen/programs/diytomcat/webapps/ROOT)
[[32mINFO [m] 2020-09-06 15:58:08,824 Bootstrap.run() - Request uri=/timeConsume.html
[[32mINFO [m] 2020-09-06 15:58:08,824 Bootstrap.run() - Request uri=/timeConsume.html
[[32mINFO [m] 2020-09-06 15:58:08,824 Bootstrap.run() - Request uri=/timeConsume.html
[[32mINFO [m] 2020-09-06 15:58:09,828 Request.<init>() - Request -- /index.html with Context -- Context(path=/a, docBase=/Users/alexchen/programs/diytomcat/webapps/a)
[[32mINFO [m] 2020-09-06 15:58:09,828 Bootstrap.run() - Request uri=/index.html
[[32mINFO [m] 2020-09-06 15:58:09,829 Request.<init>() - Request -- /index.html with Context -- Context(path=/b, docBase=/Users/alexchen/programs/diytomcat/b)
[[32mINFO [m] 2020-09-06 15:58:09,830 Bootstrap.run() - Request uri=/index.html
[[32mINFO [m] 2020-09-06 17:42:07,706 Bootstrap.main() - Tomcat starts up
[[32mINFO [m] 2020-09-06 17:42:07,710 Bootstrap.logJVM() - Server version:		Alex's Tomcat - v1.0.0
[[32mINFO [m] 2020-09-06 17:42:07,710 Bootstrap.logJVM() - Server built:		2020-09-04 10:20:22
[[32mINFO [m] 2020-09-06 17:42:07,710 Bootstrap.logJVM() - Server number:		1.0.1
[[32mINFO [m] 2020-09-06 17:42:07,710 Bootstrap.logJVM() - OS Name	:		Mac OS X
[[32mINFO [m] 2020-09-06 17:42:07,710 Bootstrap.logJVM() - OS Version:		10.15.6
[[32mINFO [m] 2020-09-06 17:42:07,710 Bootstrap.logJVM() - Architecture:		x86_64
[[32mINFO [m] 2020-09-06 17:42:07,710 Bootstrap.logJVM() - Java Home:		/Library/Java/JavaVirtualMachines/adoptopenjdk-8.jdk/Contents/Home/jre
[[32mINFO [m] 2020-09-06 17:42:07,711 Bootstrap.logJVM() - JVM Version:		1.8.0_265-b01
[[32mINFO [m] 2020-09-06 17:42:07,711 Bootstrap.logJVM() - JVM Vendor:		Oracle Corporation
[[32mINFO [m] 2020-09-06 17:42:07,759 Context.<init>() - Deploying web app directory: /Users/alexchen/programs/diytomcat/webapps/a
[[32mINFO [m] 2020-09-06 17:42:07,759 Context.<init>() - Deployment of web app directory /Users/alexchen/programs/diytomcat/webapps/a is done in 1 ms
[[32mINFO [m] 2020-09-06 17:42:07,759 Context.<init>() - Deploying web app directory: /Users/alexchen/programs/diytomcat/webapps/ROOT
[[32mINFO [m] 2020-09-06 17:42:07,759 Context.<init>() - Deployment of web app directory /Users/alexchen/programs/diytomcat/webapps/ROOT is done in 0 ms
[[32mINFO [m] 2020-09-06 17:42:07,760 Context.<init>() - Deploying web app directory: /Users/alexchen/programs/diytomcat/b
[[32mINFO [m] 2020-09-06 17:42:07,760 Context.<init>() - Deployment of web app directory /Users/alexchen/programs/diytomcat/b is done in 0 ms
[[32mINFO [m] 2020-09-06 17:42:10,451 Request.<init>() - Request -- / with Context -- Context(path=/, docBase=/Users/alexchen/programs/diytomcat/webapps/ROOT)
[[32mINFO [m] 2020-09-06 17:42:10,452 Bootstrap.run() - Request uri=/
[[32mINFO [m] 2020-09-06 17:42:10,457 Request.<init>() - Request -- /a.html with Context -- Context(path=/, docBase=/Users/alexchen/programs/diytomcat/webapps/ROOT)
[[32mINFO [m] 2020-09-06 17:42:10,457 Bootstrap.run() - Request uri=/a.html
[[32mINFO [m] 2020-09-06 17:42:10,464 Request.<init>() - Request -- /timeConsume.html with Context -- Context(path=/, docBase=/Users/alexchen/programs/diytomcat/webapps/ROOT)
[[32mINFO [m] 2020-09-06 17:42:10,464 Request.<init>() - Request -- /timeConsume.html with Context -- Context(path=/, docBase=/Users/alexchen/programs/diytomcat/webapps/ROOT)
[[32mINFO [m] 2020-09-06 17:42:10,465 Bootstrap.run() - Request uri=/timeConsume.html
[[32mINFO [m] 2020-09-06 17:42:10,465 Bootstrap.run() - Request uri=/timeConsume.html
[[32mINFO [m] 2020-09-06 17:42:10,465 Request.<init>() - Request -- /timeConsume.html with Context -- Context(path=/, docBase=/Users/alexchen/programs/diytomcat/webapps/ROOT)
[[32mINFO [m] 2020-09-06 17:42:10,465 Bootstrap.run() - Request uri=/timeConsume.html
[[32mINFO [m] 2020-09-06 17:42:11,469 Request.<init>() - Request -- /index.html with Context -- Context(path=/a, docBase=/Users/alexchen/programs/diytomcat/webapps/a)
[[32mINFO [m] 2020-09-06 17:42:11,470 Bootstrap.run() - Request uri=/index.html
[[32mINFO [m] 2020-09-06 17:42:11,471 Request.<init>() - Request -- /index.html with Context -- Context(path=/b, docBase=/Users/alexchen/programs/diytomcat/b)
[[32mINFO [m] 2020-09-06 17:42:11,471 Bootstrap.run() - Request uri=/index.html
[[32mINFO [m] 2020-09-06 17:59:20,947 Bootstrap.main() - Tomcat starts up
[[32mINFO [m] 2020-09-06 17:59:20,951 Bootstrap.logJVM() - Server version:		Alex's Tomcat - v1.0.0
[[32mINFO [m] 2020-09-06 17:59:20,951 Bootstrap.logJVM() - Server built:		2020-09-04 10:20:22
[[32mINFO [m] 2020-09-06 17:59:20,951 Bootstrap.logJVM() - Server number:		1.0.1
[[32mINFO [m] 2020-09-06 17:59:20,951 Bootstrap.logJVM() - OS Name	:		Mac OS X
[[32mINFO [m] 2020-09-06 17:59:20,951 Bootstrap.logJVM() - OS Version:		10.15.6
[[32mINFO [m] 2020-09-06 17:59:20,951 Bootstrap.logJVM() - Architecture:		x86_64
[[32mINFO [m] 2020-09-06 17:59:20,951 Bootstrap.logJVM() - Java Home:		/Library/Java/JavaVirtualMachines/adoptopenjdk-8.jdk/Contents/Home/jre
[[32mINFO [m] 2020-09-06 17:59:20,952 Bootstrap.logJVM() - JVM Version:		1.8.0_265-b01
[[32mINFO [m] 2020-09-06 17:59:20,952 Bootstrap.logJVM() - JVM Vendor:		Oracle Corporation
[[32mINFO [m] 2020-09-06 17:59:21,001 Context.<init>() - Deploying web app directory: /Users/alexchen/programs/diytomcat/webapps/a
[[32mINFO [m] 2020-09-06 17:59:21,001 Context.<init>() - Deployment of web app directory /Users/alexchen/programs/diytomcat/webapps/a is done in 1 ms
[[32mINFO [m] 2020-09-06 17:59:21,001 Context.<init>() - Deploying web app directory: /Users/alexchen/programs/diytomcat/webapps/ROOT
[[32mINFO [m] 2020-09-06 17:59:21,001 Context.<init>() - Deployment of web app directory /Users/alexchen/programs/diytomcat/webapps/ROOT is done in 0 ms
[[32mINFO [m] 2020-09-06 17:59:21,002 Context.<init>() - Deploying web app directory: /Users/alexchen/programs/diytomcat/b
[[32mINFO [m] 2020-09-06 17:59:21,002 Context.<init>() - Deployment of web app directory /Users/alexchen/programs/diytomcat/b is done in 0 ms
[[32mINFO [m] 2020-09-06 17:59:24,045 Request.<init>() - Request -- / with Context -- Context(path=/, docBase=/Users/alexchen/programs/diytomcat/webapps/ROOT)
[[32mINFO [m] 2020-09-06 17:59:24,045 Bootstrap.run() - Request uri=/
[[32mINFO [m] 2020-09-06 17:59:24,050 Request.<init>() - Request -- /a.html with Context -- Context(path=/, docBase=/Users/alexchen/programs/diytomcat/webapps/ROOT)
[[32mINFO [m] 2020-09-06 17:59:24,050 Bootstrap.run() - Request uri=/a.html
[[32mINFO [m] 2020-09-06 17:59:24,057 Request.<init>() - Request -- /timeConsume.html with Context -- Context(path=/, docBase=/Users/alexchen/programs/diytomcat/webapps/ROOT)
[[32mINFO [m] 2020-09-06 17:59:24,057 Request.<init>() - Request -- /timeConsume.html with Context -- Context(path=/, docBase=/Users/alexchen/programs/diytomcat/webapps/ROOT)
[[32mINFO [m] 2020-09-06 17:59:24,057 Request.<init>() - Request -- /timeConsume.html with Context -- Context(path=/, docBase=/Users/alexchen/programs/diytomcat/webapps/ROOT)
[[32mINFO [m] 2020-09-06 17:59:24,058 Bootstrap.run() - Request uri=/timeConsume.html
[[32mINFO [m] 2020-09-06 17:59:24,058 Bootstrap.run() - Request uri=/timeConsume.html
[[32mINFO [m] 2020-09-06 17:59:24,058 Bootstrap.run() - Request uri=/timeConsume.html
[[32mINFO [m] 2020-09-06 17:59:25,061 Request.<init>() - Request -- /index.html with Context -- Context(path=/a, docBase=/Users/alexchen/programs/diytomcat/webapps/a)
[[32mINFO [m] 2020-09-06 17:59:25,062 Bootstrap.run() - Request uri=/index.html
[[32mINFO [m] 2020-09-06 17:59:25,063 Request.<init>() - Request -- /index.html with Context -- Context(path=/b, docBase=/Users/alexchen/programs/diytomcat/b)
[[32mINFO [m] 2020-09-06 17:59:25,063 Bootstrap.run() - Request uri=/index.html
[[32mINFO [m] 2020-09-06 18:23:35,336 Bootstrap.main() - Tomcat starts up
[[32mINFO [m] 2020-09-06 18:23:35,340 Bootstrap.logJVM() - Server version:		Alex's Tomcat - v1.0.0
[[32mINFO [m] 2020-09-06 18:23:35,340 Bootstrap.logJVM() - Server built:		2020-09-04 10:20:22
[[32mINFO [m] 2020-09-06 18:23:35,340 Bootstrap.logJVM() - Server number:		1.0.1
[[32mINFO [m] 2020-09-06 18:23:35,341 Bootstrap.logJVM() - OS Name	:		Mac OS X
[[32mINFO [m] 2020-09-06 18:23:35,341 Bootstrap.logJVM() - OS Version:		10.15.6
[[32mINFO [m] 2020-09-06 18:23:35,341 Bootstrap.logJVM() - Architecture:		x86_64
[[32mINFO [m] 2020-09-06 18:23:35,341 Bootstrap.logJVM() - Java Home:		/Library/Java/JavaVirtualMachines/adoptopenjdk-8.jdk/Contents/Home/jre
[[32mINFO [m] 2020-09-06 18:23:35,341 Bootstrap.logJVM() - JVM Version:		1.8.0_265-b01
[[32mINFO [m] 2020-09-06 18:23:35,341 Bootstrap.logJVM() - JVM Vendor:		Oracle Corporation
[[32mINFO [m] 2020-09-06 18:23:35,390 Context.<init>() - Deploying web app directory: /Users/alexchen/programs/diytomcat/webapps/a
[[32mINFO [m] 2020-09-06 18:23:35,390 Context.<init>() - Deployment of web app directory /Users/alexchen/programs/diytomcat/webapps/a is done in 1 ms
[[32mINFO [m] 2020-09-06 18:23:35,390 Context.<init>() - Deploying web app directory: /Users/alexchen/programs/diytomcat/webapps/ROOT
[[32mINFO [m] 2020-09-06 18:23:35,390 Context.<init>() - Deployment of web app directory /Users/alexchen/programs/diytomcat/webapps/ROOT is done in 0 ms
[[32mINFO [m] 2020-09-06 18:23:35,391 Context.<init>() - Deploying web app directory: /Users/alexchen/programs/diytomcat/b
[[32mINFO [m] 2020-09-06 18:23:35,391 Context.<init>() - Deployment of web app directory /Users/alexchen/programs/diytomcat/b is done in 0 ms
[[32mINFO [m] 2020-09-06 18:23:39,364 Request.<init>() - Request -- / with Context -- Context(path=/, docBase=/Users/alexchen/programs/diytomcat/webapps/ROOT)
[[32mINFO [m] 2020-09-06 18:23:39,365 Bootstrap.run() - Request uri=/
[[32mINFO [m] 2020-09-06 18:23:39,369 Request.<init>() - Request -- /a.html with Context -- Context(path=/, docBase=/Users/alexchen/programs/diytomcat/webapps/ROOT)
[[32mINFO [m] 2020-09-06 18:23:39,370 Bootstrap.run() - Request uri=/a.html
[[32mINFO [m] 2020-09-06 18:23:39,376 Request.<init>() - Request -- /timeConsume.html with Context -- Context(path=/, docBase=/Users/alexchen/programs/diytomcat/webapps/ROOT)
[[32mINFO [m] 2020-09-06 18:23:39,376 Request.<init>() - Request -- /timeConsume.html with Context -- Context(path=/, docBase=/Users/alexchen/programs/diytomcat/webapps/ROOT)
[[32mINFO [m] 2020-09-06 18:23:39,375 Request.<init>() - Request -- /timeConsume.html with Context -- Context(path=/, docBase=/Users/alexchen/programs/diytomcat/webapps/ROOT)
[[32mINFO [m] 2020-09-06 18:23:39,376 Bootstrap.run() - Request uri=/timeConsume.html
[[32mINFO [m] 2020-09-06 18:23:39,376 Bootstrap.run() - Request uri=/timeConsume.html
[[32mINFO [m] 2020-09-06 18:23:39,376 Bootstrap.run() - Request uri=/timeConsume.html
[[32mINFO [m] 2020-09-06 18:23:40,379 Request.<init>() - Request -- /index.html with Context -- Context(path=/a, docBase=/Users/alexchen/programs/diytomcat/webapps/a)
[[32mINFO [m] 2020-09-06 18:23:40,379 Bootstrap.run() - Request uri=/index.html
[[32mINFO [m] 2020-09-06 18:23:40,380 Request.<init>() - Request -- /index.html with Context -- Context(path=/b, docBase=/Users/alexchen/programs/diytomcat/b)
[[32mINFO [m] 2020-09-06 18:23:40,381 Bootstrap.run() - Request uri=/index.html
[[32mINFO [m] 2020-09-06 18:31:07,061 Bootstrap.main() - Tomcat starts up
[[32mINFO [m] 2020-09-06 18:31:07,116 Context.<init>() - Deploying web app directory: /Users/alexchen/programs/diytomcat/webapps/a
[[32mINFO [m] 2020-09-06 18:31:07,117 Context.<init>() - Deployment of web app directory /Users/alexchen/programs/diytomcat/webapps/a is done in 2 ms
[[32mINFO [m] 2020-09-06 18:31:07,117 Context.<init>() - Deploying web app directory: /Users/alexchen/programs/diytomcat/webapps/ROOT
[[32mINFO [m] 2020-09-06 18:31:07,117 Context.<init>() - Deployment of web app directory /Users/alexchen/programs/diytomcat/webapps/ROOT is done in 0 ms
[[32mINFO [m] 2020-09-06 18:31:07,118 Context.<init>() - Deploying web app directory: /Users/alexchen/programs/diytomcat/b
[[32mINFO [m] 2020-09-06 18:31:07,118 Context.<init>() - Deployment of web app directory /Users/alexchen/programs/diytomcat/b is done in 0 ms
[[32mINFO [m] 2020-09-06 18:31:07,118 Server.logJVM() - Server version:		Alex's Tomcat - v1.0.0
[[32mINFO [m] 2020-09-06 18:31:07,118 Server.logJVM() - Server built:		2020-09-04 10:20:22
[[32mINFO [m] 2020-09-06 18:31:07,118 Server.logJVM() - Server number:		1.0.1
[[32mINFO [m] 2020-09-06 18:31:07,118 Server.logJVM() - OS Name	:		Mac OS X
[[32mINFO [m] 2020-09-06 18:31:07,118 Server.logJVM() - OS Version:		10.15.6
[[32mINFO [m] 2020-09-06 18:31:07,118 Server.logJVM() - Architecture:		x86_64
[[32mINFO [m] 2020-09-06 18:31:07,118 Server.logJVM() - Java Home:		/Library/Java/JavaVirtualMachines/adoptopenjdk-8.jdk/Contents/Home/jre
[[32mINFO [m] 2020-09-06 18:31:07,119 Server.logJVM() - JVM Version:		1.8.0_265-b01
[[32mINFO [m] 2020-09-06 18:31:07,119 Server.logJVM() - JVM Vendor:		Oracle Corporation
[[32mINFO [m] 2020-09-06 18:31:15,012 Request.<init>() - Request -- / with Context -- Context(path=/, docBase=/Users/alexchen/programs/diytomcat/webapps/ROOT)
[[32mINFO [m] 2020-09-06 18:31:15,013 Server.run() - Request uri=/
[[32mINFO [m] 2020-09-06 18:31:15,018 Request.<init>() - Request -- /a.html with Context -- Context(path=/, docBase=/Users/alexchen/programs/diytomcat/webapps/ROOT)
[[32mINFO [m] 2020-09-06 18:31:15,019 Server.run() - Request uri=/a.html
[[32mINFO [m] 2020-09-06 18:31:15,026 Request.<init>() - Request -- /timeConsume.html with Context -- Context(path=/, docBase=/Users/alexchen/programs/diytomcat/webapps/ROOT)
[[32mINFO [m] 2020-09-06 18:31:15,026 Request.<init>() - Request -- /timeConsume.html with Context -- Context(path=/, docBase=/Users/alexchen/programs/diytomcat/webapps/ROOT)
[[32mINFO [m] 2020-09-06 18:31:15,026 Request.<init>() - Request -- /timeConsume.html with Context -- Context(path=/, docBase=/Users/alexchen/programs/diytomcat/webapps/ROOT)
[[32mINFO [m] 2020-09-06 18:31:15,027 Server.run() - Request uri=/timeConsume.html
[[32mINFO [m] 2020-09-06 18:31:15,027 Server.run() - Request uri=/timeConsume.html
[[32mINFO [m] 2020-09-06 18:31:15,027 Server.run() - Request uri=/timeConsume.html
[[32mINFO [m] 2020-09-06 18:31:16,035 Request.<init>() - Request -- /index.html with Context -- Context(path=/a, docBase=/Users/alexchen/programs/diytomcat/webapps/a)
[[32mINFO [m] 2020-09-06 18:31:16,035 Server.run() - Request uri=/index.html
[[32mINFO [m] 2020-09-06 18:31:16,036 Request.<init>() - Request -- /index.html with Context -- Context(path=/b, docBase=/Users/alexchen/programs/diytomcat/b)
[[32mINFO [m] 2020-09-06 18:31:16,037 Server.run() - Request uri=/index.html
[[32mINFO [m] 2020-09-06 20:28:18,993 Bootstrap.main() - Tomcat starts up
[[32mINFO [m] 2020-09-06 20:28:19,047 Context.<init>() - Deploying web app directory: /Users/alexchen/programs/diytomcat/webapps/a
[[32mINFO [m] 2020-09-06 20:28:19,047 Context.<init>() - Deployment of web app directory /Users/alexchen/programs/diytomcat/webapps/a is done in 1 ms
[[32mINFO [m] 2020-09-06 20:28:19,047 Context.<init>() - Deploying web app directory: /Users/alexchen/programs/diytomcat/webapps/ROOT
[[32mINFO [m] 2020-09-06 20:28:19,048 Context.<init>() - Deployment of web app directory /Users/alexchen/programs/diytomcat/webapps/ROOT is done in 1 ms
[[32mINFO [m] 2020-09-06 20:28:19,048 Context.<init>() - Deploying web app directory: /Users/alexchen/programs/diytomcat/b
[[32mINFO [m] 2020-09-06 20:28:19,048 Context.<init>() - Deployment of web app directory /Users/alexchen/programs/diytomcat/b is done in 0 ms
[[32mINFO [m] 2020-09-06 20:28:19,048 Server.logJVM() - Server version:		Alex's Tomcat - v1.0.0
[[32mINFO [m] 2020-09-06 20:28:19,048 Server.logJVM() - Server built:		2020-09-04 10:20:22
[[32mINFO [m] 2020-09-06 20:28:19,049 Server.logJVM() - Server number:		1.0.1
[[32mINFO [m] 2020-09-06 20:28:19,049 Server.logJVM() - OS Name	:		Mac OS X
[[32mINFO [m] 2020-09-06 20:28:19,049 Server.logJVM() - OS Version:		10.15.6
[[32mINFO [m] 2020-09-06 20:28:19,049 Server.logJVM() - Architecture:		x86_64
[[32mINFO [m] 2020-09-06 20:28:19,049 Server.logJVM() - Java Home:		/Library/Java/JavaVirtualMachines/adoptopenjdk-8.jdk/Contents/Home/jre
[[32mINFO [m] 2020-09-06 20:28:19,049 Server.logJVM() - JVM Version:		1.8.0_265-b01
[[32mINFO [m] 2020-09-06 20:28:19,049 Server.logJVM() - JVM Vendor:		Oracle Corporation
[[32mINFO [m] 2020-09-06 20:28:21,795 Request.<init>() - Request -- / with Context -- Context(path=/, docBase=/Users/alexchen/programs/diytomcat/webapps/ROOT)
[[32mINFO [m] 2020-09-06 20:28:21,796 Server.run() - Request uri=/
[[32mINFO [m] 2020-09-06 20:28:21,801 Request.<init>() - Request -- /a.html with Context -- Context(path=/, docBase=/Users/alexchen/programs/diytomcat/webapps/ROOT)
[[32mINFO [m] 2020-09-06 20:28:21,802 Server.run() - Request uri=/a.html
[[32mINFO [m] 2020-09-06 20:28:21,809 Request.<init>() - Request -- /timeConsume.html with Context -- Context(path=/, docBase=/Users/alexchen/programs/diytomcat/webapps/ROOT)
[[32mINFO [m] 2020-09-06 20:28:21,809 Request.<init>() - Request -- /timeConsume.html with Context -- Context(path=/, docBase=/Users/alexchen/programs/diytomcat/webapps/ROOT)
[[32mINFO [m] 2020-09-06 20:28:21,809 Request.<init>() - Request -- /timeConsume.html with Context -- Context(path=/, docBase=/Users/alexchen/programs/diytomcat/webapps/ROOT)
[[32mINFO [m] 2020-09-06 20:28:21,809 Server.run() - Request uri=/timeConsume.html
[[32mINFO [m] 2020-09-06 20:28:21,809 Server.run() - Request uri=/timeConsume.html
[[32mINFO [m] 2020-09-06 20:28:21,809 Server.run() - Request uri=/timeConsume.html
[[32mINFO [m] 2020-09-06 20:28:22,815 Request.<init>() - Request -- /index.html with Context -- Context(path=/a, docBase=/Users/alexchen/programs/diytomcat/webapps/a)
[[32mINFO [m] 2020-09-06 20:28:22,816 Server.run() - Request uri=/index.html
[[32mINFO [m] 2020-09-06 20:28:22,817 Request.<init>() - Request -- /index.html with Context -- Context(path=/b, docBase=/Users/alexchen/programs/diytomcat/b)
[[32mINFO [m] 2020-09-06 20:28:22,817 Server.run() - Request uri=/index.html
[[32mINFO [m] 2020-09-06 20:28:59,960 Request.<init>() - Request -- /not_exist.html with Context -- Context(path=/, docBase=/Users/alexchen/programs/diytomcat/webapps/ROOT)
[[32mINFO [m] 2020-09-06 20:28:59,961 Server.run() - Request uri=/not_exist.html
[[32mINFO [m] 2020-09-06 20:28:59,966 Request.<init>() - Request -- / with Context -- Context(path=/, docBase=/Users/alexchen/programs/diytomcat/webapps/ROOT)
[[32mINFO [m] 2020-09-06 20:28:59,966 Server.run() - Request uri=/
[[32mINFO [m] 2020-09-06 20:28:59,967 Request.<init>() - Request -- /a.html with Context -- Context(path=/, docBase=/Users/alexchen/programs/diytomcat/webapps/ROOT)
[[32mINFO [m] 2020-09-06 20:28:59,968 Server.run() - Request uri=/a.html
[[32mINFO [m] 2020-09-06 20:28:59,974 Request.<init>() - Request -- /timeConsume.html with Context -- Context(path=/, docBase=/Users/alexchen/programs/diytomcat/webapps/ROOT)
[[32mINFO [m] 2020-09-06 20:28:59,974 Request.<init>() - Request -- /timeConsume.html with Context -- Context(path=/, docBase=/Users/alexchen/programs/diytomcat/webapps/ROOT)
[[32mINFO [m] 2020-09-06 20:28:59,974 Server.run() - Request uri=/timeConsume.html
[[32mINFO [m] 2020-09-06 20:28:59,974 Request.<init>() - Request -- /timeConsume.html with Context -- Context(path=/, docBase=/Users/alexchen/programs/diytomcat/webapps/ROOT)
[[32mINFO [m] 2020-09-06 20:28:59,974 Server.run() - Request uri=/timeConsume.html
[[32mINFO [m] 2020-09-06 20:28:59,974 Server.run() - Request uri=/timeConsume.html
[[32mINFO [m] 2020-09-06 20:29:00,979 Request.<init>() - Request -- /index.html with Context -- Context(path=/a, docBase=/Users/alexchen/programs/diytomcat/webapps/a)
[[32mINFO [m] 2020-09-06 20:29:00,979 Server.run() - Request uri=/index.html
[[32mINFO [m] 2020-09-06 20:29:00,980 Request.<init>() - Request -- /index.html with Context -- Context(path=/b, docBase=/Users/alexchen/programs/diytomcat/b)
[[32mINFO [m] 2020-09-06 20:29:00,981 Server.run() - Request uri=/index.html
[[32mINFO [m] 2020-09-06 20:29:21,365 Request.<init>() - Request -- /not_exist.html with Context -- Context(path=/, docBase=/Users/alexchen/programs/diytomcat/webapps/ROOT)
[[32mINFO [m] 2020-09-06 20:29:21,365 Server.run() - Request uri=/not_exist.html
[[32mINFO [m] 2020-09-06 20:30:37,980 Request.<init>() - Request -- /not_exist.html with Context -- Context(path=/, docBase=/Users/alexchen/programs/diytomcat/webapps/ROOT)
[[32mINFO [m] 2020-09-06 20:30:37,981 Server.run() - Request uri=/not_exist.html
[[32mINFO [m] 2020-09-06 20:31:07,469 Request.<init>() - Request -- / with Context -- Context(path=/, docBase=/Users/alexchen/programs/diytomcat/webapps/ROOT)
[[32mINFO [m] 2020-09-06 20:31:07,469 Server.run() - Request uri=/
[[32mINFO [m] 2020-09-06 20:31:07,812 Request.<init>() - Request -- /favicon.ico with Context -- Context(path=/, docBase=/Users/alexchen/programs/diytomcat/webapps/ROOT)
[[32mINFO [m] 2020-09-06 20:31:07,813 Server.run() - Request uri=/favicon.ico
[[32mINFO [m] 2020-09-06 20:31:11,261 Request.<init>() - Request -- /dsfs with Context -- Context(path=/, docBase=/Users/alexchen/programs/diytomcat/webapps/ROOT)
[[32mINFO [m] 2020-09-06 20:31:11,261 Server.run() - Request uri=/dsfs
[[32mINFO [m] 2020-09-06 20:42:40,449 Bootstrap.main() - Tomcat starts up
[[32mINFO [m] 2020-09-06 20:42:40,512 Context.<init>() - Deploying web app directory: /Users/alexchen/programs/diytomcat/webapps/a
[[32mINFO [m] 2020-09-06 20:42:40,512 Context.<init>() - Deployment of web app directory /Users/alexchen/programs/diytomcat/webapps/a is done in 1 ms
[[32mINFO [m] 2020-09-06 20:42:40,513 Context.<init>() - Deploying web app directory: /Users/alexchen/programs/diytomcat/webapps/ROOT
[[32mINFO [m] 2020-09-06 20:42:40,513 Context.<init>() - Deployment of web app directory /Users/alexchen/programs/diytomcat/webapps/ROOT is done in 0 ms
[[32mINFO [m] 2020-09-06 20:42:40,513 Context.<init>() - Deploying web app directory: /Users/alexchen/programs/diytomcat/b
[[32mINFO [m] 2020-09-06 20:42:40,514 Context.<init>() - Deployment of web app directory /Users/alexchen/programs/diytomcat/b is done in 0 ms
[[32mINFO [m] 2020-09-06 20:42:40,514 Server.logJVM() - Server version:		Alex's Tomcat - v1.0.0
[[32mINFO [m] 2020-09-06 20:42:40,514 Server.logJVM() - Server built:		2020-09-04 10:20:22
[[32mINFO [m] 2020-09-06 20:42:40,514 Server.logJVM() - Server number:		1.0.1
[[32mINFO [m] 2020-09-06 20:42:40,514 Server.logJVM() - OS Name	:		Mac OS X
[[32mINFO [m] 2020-09-06 20:42:40,514 Server.logJVM() - OS Version:		10.15.6
[[32mINFO [m] 2020-09-06 20:42:40,514 Server.logJVM() - Architecture:		x86_64
[[32mINFO [m] 2020-09-06 20:42:40,514 Server.logJVM() - Java Home:		/Library/Java/JavaVirtualMachines/adoptopenjdk-8.jdk/Contents/Home/jre
[[32mINFO [m] 2020-09-06 20:42:40,514 Server.logJVM() - JVM Version:		1.8.0_265-b01
[[32mINFO [m] 2020-09-06 20:42:40,514 Server.logJVM() - JVM Vendor:		Oracle Corporation
[[32mINFO [m] 2020-09-06 20:42:51,287 Request.<init>() - Request -- / with Context -- Context(path=/, docBase=/Users/alexchen/programs/diytomcat/webapps/ROOT)
[[32mINFO [m] 2020-09-06 20:42:51,287 Server.run() - Request uri=/
[[32mINFO [m] 2020-09-06 20:42:51,292 Request.<init>() - Request -- /a.html with Context -- Context(path=/, docBase=/Users/alexchen/programs/diytomcat/webapps/ROOT)
[[32mINFO [m] 2020-09-06 20:42:51,293 Server.run() - Request uri=/a.html
[[32mINFO [m] 2020-09-06 20:42:51,300 Request.<init>() - Request -- /timeConsume.html with Context -- Context(path=/, docBase=/Users/alexchen/programs/diytomcat/webapps/ROOT)
[[32mINFO [m] 2020-09-06 20:42:51,300 Request.<init>() - Request -- /timeConsume.html with Context -- Context(path=/, docBase=/Users/alexchen/programs/diytomcat/webapps/ROOT)
[[32mINFO [m] 2020-09-06 20:42:51,301 Server.run() - Request uri=/timeConsume.html
[[32mINFO [m] 2020-09-06 20:42:51,300 Request.<init>() - Request -- /timeConsume.html with Context -- Context(path=/, docBase=/Users/alexchen/programs/diytomcat/webapps/ROOT)
[[32mINFO [m] 2020-09-06 20:42:51,301 Server.run() - Request uri=/timeConsume.html
[[32mINFO [m] 2020-09-06 20:42:51,301 Server.run() - Request uri=/timeConsume.html
[[32mINFO [m] 2020-09-06 20:42:52,304 Request.<init>() - Request -- /index.html with Context -- Context(path=/a, docBase=/Users/alexchen/programs/diytomcat/webapps/a)
[[32mINFO [m] 2020-09-06 20:42:52,305 Server.run() - Request uri=/index.html
[[32mINFO [m] 2020-09-06 20:42:52,306 Request.<init>() - Request -- /index.html with Context -- Context(path=/b, docBase=/Users/alexchen/programs/diytomcat/b)
[[32mINFO [m] 2020-09-06 20:42:52,306 Server.run() - Request uri=/index.html
[[32mINFO [m] 2020-09-06 20:42:52,307 Request.<init>() - Request -- /not_exist.html with Context -- Context(path=/, docBase=/Users/alexchen/programs/diytomcat/webapps/ROOT)
[[32mINFO [m] 2020-09-06 20:42:52,308 Server.run() - Request uri=/not_exist.html
[[32mINFO [m] 2020-09-06 20:42:52,309 Request.<init>() - Request -- /500.html with Context -- Context(path=/, docBase=/Users/alexchen/programs/diytomcat/webapps/ROOT)
[[32mINFO [m] 2020-09-06 20:42:52,309 Server.run() - Request uri=/500.html
[[1;31mERROR[m] 2020-09-06 20:42:52,309 Server.run() - this is a deliberately created exception
[[32mINFO [m] 2020-09-06 20:43:05,332 Request.<init>() - Request -- / with Context -- Context(path=/, docBase=/Users/alexchen/programs/diytomcat/webapps/ROOT)
[[32mINFO [m] 2020-09-06 20:43:05,333 Server.run() - Request uri=/
[[32mINFO [m] 2020-09-06 20:43:11,325 Request.<init>() - Request -- /500.html with Context -- Context(path=/, docBase=/Users/alexchen/programs/diytomcat/webapps/ROOT)
[[32mINFO [m] 2020-09-06 20:43:11,325 Server.run() - Request uri=/500.html
[[1;31mERROR[m] 2020-09-06 20:43:11,326 Server.run() - this is a deliberately created exception
[[32mINFO [m] 2020-09-06 20:43:45,783 Bootstrap.main() - Tomcat starts up
[[32mINFO [m] 2020-09-06 20:43:45,838 Context.<init>() - Deploying web app directory: /Users/alexchen/programs/diytomcat/webapps/a
[[32mINFO [m] 2020-09-06 20:43:45,838 Context.<init>() - Deployment of web app directory /Users/alexchen/programs/diytomcat/webapps/a is done in 1 ms
[[32mINFO [m] 2020-09-06 20:43:45,838 Context.<init>() - Deploying web app directory: /Users/alexchen/programs/diytomcat/webapps/ROOT
[[32mINFO [m] 2020-09-06 20:43:45,838 Context.<init>() - Deployment of web app directory /Users/alexchen/programs/diytomcat/webapps/ROOT is done in 0 ms
[[32mINFO [m] 2020-09-06 20:43:45,839 Context.<init>() - Deploying web app directory: /Users/alexchen/programs/diytomcat/b
[[32mINFO [m] 2020-09-06 20:43:45,839 Context.<init>() - Deployment of web app directory /Users/alexchen/programs/diytomcat/b is done in 0 ms
[[32mINFO [m] 2020-09-06 20:43:45,839 Server.logJVM() - Server version:		Alex's Tomcat - v1.0.0
[[32mINFO [m] 2020-09-06 20:43:45,839 Server.logJVM() - Server built:		2020-09-04 10:20:22
[[32mINFO [m] 2020-09-06 20:43:45,839 Server.logJVM() - Server number:		1.0.1
[[32mINFO [m] 2020-09-06 20:43:45,839 Server.logJVM() - OS Name	:		Mac OS X
[[32mINFO [m] 2020-09-06 20:43:45,840 Server.logJVM() - OS Version:		10.15.6
[[32mINFO [m] 2020-09-06 20:43:45,840 Server.logJVM() - Architecture:		x86_64
[[32mINFO [m] 2020-09-06 20:43:45,840 Server.logJVM() - Java Home:		/Library/Java/JavaVirtualMachines/adoptopenjdk-8.jdk/Contents/Home/jre
[[32mINFO [m] 2020-09-06 20:43:45,840 Server.logJVM() - JVM Version:		1.8.0_265-b01
[[32mINFO [m] 2020-09-06 20:43:45,840 Server.logJVM() - JVM Vendor:		Oracle Corporation
[[32mINFO [m] 2020-09-06 20:43:48,483 Request.<init>() - Request -- /500.html with Context -- Context(path=/, docBase=/Users/alexchen/programs/diytomcat/webapps/ROOT)
[[32mINFO [m] 2020-09-06 20:43:48,484 Server.run() - Request uri=/500.html
[[1;31mERROR[m] 2020-09-06 20:43:48,484 Server.run() - this is a deliberate exception
[[32mINFO [m] 2020-09-06 21:01:27,890 Bootstrap.main() - Tomcat starts up
[[32mINFO [m] 2020-09-06 21:01:27,946 Context.<init>() - Deploying web app directory: /Users/alexchen/programs/diytomcat/webapps/a
[[32mINFO [m] 2020-09-06 21:01:27,946 Context.<init>() - Deployment of web app directory /Users/alexchen/programs/diytomcat/webapps/a is done in 1 ms
[[32mINFO [m] 2020-09-06 21:01:27,946 Context.<init>() - Deploying web app directory: /Users/alexchen/programs/diytomcat/webapps/ROOT
[[32mINFO [m] 2020-09-06 21:01:27,946 Context.<init>() - Deployment of web app directory /Users/alexchen/programs/diytomcat/webapps/ROOT is done in 0 ms
[[32mINFO [m] 2020-09-06 21:01:27,947 Context.<init>() - Deploying web app directory: /Users/alexchen/programs/diytomcat/b
[[32mINFO [m] 2020-09-06 21:01:27,947 Context.<init>() - Deployment of web app directory /Users/alexchen/programs/diytomcat/b is done in 0 ms
[[32mINFO [m] 2020-09-06 21:01:27,947 Server.logJVM() - Server version:		Alex's Tomcat - v1.0.0
[[32mINFO [m] 2020-09-06 21:01:27,947 Server.logJVM() - Server built:		2020-09-04 10:20:22
[[32mINFO [m] 2020-09-06 21:01:27,947 Server.logJVM() - Server number:		1.0.1
[[32mINFO [m] 2020-09-06 21:01:27,947 Server.logJVM() - OS Name	:		Mac OS X
[[32mINFO [m] 2020-09-06 21:01:27,947 Server.logJVM() - OS Version:		10.15.6
[[32mINFO [m] 2020-09-06 21:01:27,948 Server.logJVM() - Architecture:		x86_64
[[32mINFO [m] 2020-09-06 21:01:27,948 Server.logJVM() - Java Home:		/Library/Java/JavaVirtualMachines/adoptopenjdk-8.jdk/Contents/Home/jre
[[32mINFO [m] 2020-09-06 21:01:27,948 Server.logJVM() - JVM Version:		1.8.0_265-b01
[[32mINFO [m] 2020-09-06 21:01:27,948 Server.logJVM() - JVM Vendor:		Oracle Corporation
[[32mINFO [m] 2020-09-06 21:01:30,670 Request.<init>() - Request -- /not_exist.html with Context -- Context(path=/, docBase=/Users/alexchen/programs/diytomcat/webapps/ROOT)
[[32mINFO [m] 2020-09-06 21:01:30,671 Server.run() - Request uri=/not_exist.html
[[32mINFO [m] 2020-09-06 21:01:30,675 Request.<init>() - Request -- / with Context -- Context(path=/, docBase=/Users/alexchen/programs/diytomcat/webapps/ROOT)
[[32mINFO [m] 2020-09-06 21:01:30,676 Server.run() - Request uri=/
[[32mINFO [m] 2020-09-06 21:01:30,682 Request.<init>() - Request -- /a.html with Context -- Context(path=/, docBase=/Users/alexchen/programs/diytomcat/webapps/ROOT)
[[32mINFO [m] 2020-09-06 21:01:30,683 Server.run() - Request uri=/a.html
[[32mINFO [m] 2020-09-06 21:01:30,689 Request.<init>() - Request -- /timeConsume.html with Context -- Context(path=/, docBase=/Users/alexchen/programs/diytomcat/webapps/ROOT)
[[32mINFO [m] 2020-09-06 21:01:30,689 Request.<init>() - Request -- /timeConsume.html with Context -- Context(path=/, docBase=/Users/alexchen/programs/diytomcat/webapps/ROOT)
[[32mINFO [m] 2020-09-06 21:01:30,689 Server.run() - Request uri=/timeConsume.html
[[32mINFO [m] 2020-09-06 21:01:30,689 Server.run() - Request uri=/timeConsume.html
[[32mINFO [m] 2020-09-06 21:01:30,689 Request.<init>() - Request -- /timeConsume.html with Context -- Context(path=/, docBase=/Users/alexchen/programs/diytomcat/webapps/ROOT)
[[32mINFO [m] 2020-09-06 21:01:30,690 Server.run() - Request uri=/timeConsume.html
[[32mINFO [m] 2020-09-06 21:01:31,696 Request.<init>() - Request -- /index.html with Context -- Context(path=/a, docBase=/Users/alexchen/programs/diytomcat/webapps/a)
[[32mINFO [m] 2020-09-06 21:01:31,696 Server.run() - Request uri=/index.html
[[32mINFO [m] 2020-09-06 21:01:31,697 Request.<init>() - Request -- /index.html with Context -- Context(path=/b, docBase=/Users/alexchen/programs/diytomcat/b)
[[32mINFO [m] 2020-09-06 21:01:31,698 Server.run() - Request uri=/index.html
[[32mINFO [m] 2020-09-06 21:01:31,699 Request.<init>() - Request -- /500.html with Context -- Context(path=/, docBase=/Users/alexchen/programs/diytomcat/webapps/ROOT)
[[32mINFO [m] 2020-09-06 21:01:31,699 Server.run() - Request uri=/500.html
[[1;31mERROR[m] 2020-09-06 21:01:31,699 Server.run() - this is a deliberate exception
[[32mINFO [m] 2020-09-06 21:01:31,700 Request.<init>() - Request -- / with Context -- Context(path=/a, docBase=/Users/alexchen/programs/diytomcat/webapps/a)
[[32mINFO [m] 2020-09-06 21:01:31,701 Server.run() - Request uri=/
[[32mINFO [m] 2020-09-06 21:02:03,145 Request.<init>() - Request -- / with Context -- Context(path=/, docBase=/Users/alexchen/programs/diytomcat/webapps/ROOT)
[[32mINFO [m] 2020-09-06 21:02:03,146 Server.run() - Request uri=/
[[32mINFO [m] 2020-09-06 21:05:41,462 Request.<init>() - Request -- /not_exist.html with Context -- Context(path=/, docBase=/Users/alexchen/programs/diytomcat/webapps/ROOT)
[[32mINFO [m] 2020-09-06 21:05:41,462 Server.run() - Request uri=/not_exist.html
[[32mINFO [m] 2020-09-06 21:05:41,465 Request.<init>() - Request -- / with Context -- Context(path=/, docBase=/Users/alexchen/programs/diytomcat/webapps/ROOT)
[[32mINFO [m] 2020-09-06 21:05:41,465 Server.run() - Request uri=/
[[32mINFO [m] 2020-09-06 21:05:41,467 Request.<init>() - Request -- /a.html with Context -- Context(path=/, docBase=/Users/alexchen/programs/diytomcat/webapps/ROOT)
[[32mINFO [m] 2020-09-06 21:05:41,468 Server.run() - Request uri=/a.html
[[32mINFO [m] 2020-09-06 21:05:41,474 Request.<init>() - Request -- /timeConsume.html with Context -- Context(path=/, docBase=/Users/alexchen/programs/diytomcat/webapps/ROOT)
[[32mINFO [m] 2020-09-06 21:05:41,474 Request.<init>() - Request -- /timeConsume.html with Context -- Context(path=/, docBase=/Users/alexchen/programs/diytomcat/webapps/ROOT)
[[32mINFO [m] 2020-09-06 21:05:41,474 Request.<init>() - Request -- /timeConsume.html with Context -- Context(path=/, docBase=/Users/alexchen/programs/diytomcat/webapps/ROOT)
[[32mINFO [m] 2020-09-06 21:05:41,474 Server.run() - Request uri=/timeConsume.html
[[32mINFO [m] 2020-09-06 21:05:41,474 Server.run() - Request uri=/timeConsume.html
[[32mINFO [m] 2020-09-06 21:05:41,474 Server.run() - Request uri=/timeConsume.html
[[32mINFO [m] 2020-09-06 21:05:42,478 Request.<init>() - Request -- /index.html with Context -- Context(path=/a, docBase=/Users/alexchen/programs/diytomcat/webapps/a)
[[32mINFO [m] 2020-09-06 21:05:42,478 Server.run() - Request uri=/index.html
[[32mINFO [m] 2020-09-06 21:05:42,479 Request.<init>() - Request -- /index.html with Context -- Context(path=/b, docBase=/Users/alexchen/programs/diytomcat/b)
[[32mINFO [m] 2020-09-06 21:05:42,479 Server.run() - Request uri=/index.html
[[32mINFO [m] 2020-09-06 21:05:42,480 Request.<init>() - Request -- /500.html with Context -- Context(path=/, docBase=/Users/alexchen/programs/diytomcat/webapps/ROOT)
[[32mINFO [m] 2020-09-06 21:05:42,480 Server.run() - Request uri=/500.html
[[1;31mERROR[m] 2020-09-06 21:05:42,480 Server.run() - this is a deliberate exception
[[32mINFO [m] 2020-09-06 21:05:42,481 Request.<init>() - Request -- / with Context -- Context(path=/a, docBase=/Users/alexchen/programs/diytomcat/webapps/a)
[[32mINFO [m] 2020-09-06 21:05:42,481 Server.run() - Request uri=/
[[32mINFO [m] 2020-09-06 21:05:47,705 Bootstrap.main() - Tomcat starts up
[[32mINFO [m] 2020-09-06 21:05:47,760 Context.<init>() - Deploying web app directory: /Users/alexchen/programs/diytomcat/webapps/a
[[32mINFO [m] 2020-09-06 21:05:47,760 Context.<init>() - Deployment of web app directory /Users/alexchen/programs/diytomcat/webapps/a is done in 1 ms
[[32mINFO [m] 2020-09-06 21:05:47,761 Context.<init>() - Deploying web app directory: /Users/alexchen/programs/diytomcat/webapps/ROOT
[[32mINFO [m] 2020-09-06 21:05:47,761 Context.<init>() - Deployment of web app directory /Users/alexchen/programs/diytomcat/webapps/ROOT is done in 0 ms
[[32mINFO [m] 2020-09-06 21:05:47,761 Context.<init>() - Deploying web app directory: /Users/alexchen/programs/diytomcat/b
[[32mINFO [m] 2020-09-06 21:05:47,761 Context.<init>() - Deployment of web app directory /Users/alexchen/programs/diytomcat/b is done in 0 ms
[[32mINFO [m] 2020-09-06 21:05:47,761 Server.logJVM() - Server version:		Alex's Tomcat - v1.0.0
[[32mINFO [m] 2020-09-06 21:05:47,762 Server.logJVM() - Server built:		2020-09-04 10:20:22
[[32mINFO [m] 2020-09-06 21:05:47,762 Server.logJVM() - Server number:		1.0.1
[[32mINFO [m] 2020-09-06 21:05:47,762 Server.logJVM() - OS Name	:		Mac OS X
[[32mINFO [m] 2020-09-06 21:05:47,762 Server.logJVM() - OS Version:		10.15.6
[[32mINFO [m] 2020-09-06 21:05:47,762 Server.logJVM() - Architecture:		x86_64
[[32mINFO [m] 2020-09-06 21:05:47,762 Server.logJVM() - Java Home:		/Library/Java/JavaVirtualMachines/adoptopenjdk-8.jdk/Contents/Home/jre
[[32mINFO [m] 2020-09-06 21:05:47,762 Server.logJVM() - JVM Version:		1.8.0_265-b01
[[32mINFO [m] 2020-09-06 21:05:47,762 Server.logJVM() - JVM Vendor:		Oracle Corporation
[[32mINFO [m] 2020-09-06 21:05:51,667 Request.<init>() - Request -- / with Context -- Context(path=/, docBase=/Users/alexchen/programs/diytomcat/webapps/ROOT)
[[32mINFO [m] 2020-09-06 21:05:51,668 Server.run() - Request uri=/
[[32mINFO [m] 2020-09-06 21:05:51,674 Request.<init>() - Request -- /a.html with Context -- Context(path=/, docBase=/Users/alexchen/programs/diytomcat/webapps/ROOT)
[[32mINFO [m] 2020-09-06 21:05:51,675 Server.run() - Request uri=/a.html
[[32mINFO [m] 2020-09-06 21:05:51,683 Request.<init>() - Request -- /timeConsume.html with Context -- Context(path=/, docBase=/Users/alexchen/programs/diytomcat/webapps/ROOT)
[[32mINFO [m] 2020-09-06 21:05:51,682 Request.<init>() - Request -- /timeConsume.html with Context -- Context(path=/, docBase=/Users/alexchen/programs/diytomcat/webapps/ROOT)
[[32mINFO [m] 2020-09-06 21:05:51,682 Request.<init>() - Request -- /timeConsume.html with Context -- Context(path=/, docBase=/Users/alexchen/programs/diytomcat/webapps/ROOT)
[[32mINFO [m] 2020-09-06 21:05:51,683 Server.run() - Request uri=/timeConsume.html
[[32mINFO [m] 2020-09-06 21:05:51,683 Server.run() - Request uri=/timeConsume.html
[[32mINFO [m] 2020-09-06 21:05:51,683 Server.run() - Request uri=/timeConsume.html
[[32mINFO [m] 2020-09-06 21:05:52,686 Request.<init>() - Request -- /index.html with Context -- Context(path=/a, docBase=/Users/alexchen/programs/diytomcat/webapps/a)
[[32mINFO [m] 2020-09-06 21:05:52,687 Server.run() - Request uri=/index.html
[[32mINFO [m] 2020-09-06 21:05:52,688 Request.<init>() - Request -- /index.html with Context -- Context(path=/b, docBase=/Users/alexchen/programs/diytomcat/b)
[[32mINFO [m] 2020-09-06 21:05:52,688 Server.run() - Request uri=/index.html
[[32mINFO [m] 2020-09-06 21:05:52,689 Request.<init>() - Request -- /not_exist.html with Context -- Context(path=/, docBase=/Users/alexchen/programs/diytomcat/webapps/ROOT)
[[32mINFO [m] 2020-09-06 21:05:52,690 Server.run() - Request uri=/not_exist.html
[[32mINFO [m] 2020-09-06 21:05:52,691 Request.<init>() - Request -- /500.html with Context -- Context(path=/, docBase=/Users/alexchen/programs/diytomcat/webapps/ROOT)
[[32mINFO [m] 2020-09-06 21:05:52,691 Server.run() - Request uri=/500.html
[[1;31mERROR[m] 2020-09-06 21:05:52,691 Server.run() - this is a deliberate exception
[[32mINFO [m] 2020-09-06 21:05:52,692 Request.<init>() - Request -- / with Context -- Context(path=/a, docBase=/Users/alexchen/programs/diytomcat/webapps/a)
[[32mINFO [m] 2020-09-06 21:05:52,692 Server.run() - Request uri=/
[[32mINFO [m] 2020-09-06 21:06:15,373 Request.<init>() - Request -- / with Context -- Context(path=/, docBase=/Users/alexchen/programs/diytomcat/webapps/ROOT)
[[32mINFO [m] 2020-09-06 21:06:15,373 Server.run() - Request uri=/
[[32mINFO [m] 2020-09-06 21:46:03,907 Bootstrap.main() - Tomcat starts up
[[32mINFO [m] 2020-09-06 21:46:03,961 Context.<init>() - Deploying web app directory: /Users/alexchen/programs/diytomcat/webapps/a
[[32mINFO [m] 2020-09-06 21:46:03,962 Context.<init>() - Deployment of web app directory /Users/alexchen/programs/diytomcat/webapps/a is done in 1 ms
[[32mINFO [m] 2020-09-06 21:46:03,962 Context.<init>() - Deploying web app directory: /Users/alexchen/programs/diytomcat/webapps/ROOT
[[32mINFO [m] 2020-09-06 21:46:03,962 Context.<init>() - Deployment of web app directory /Users/alexchen/programs/diytomcat/webapps/ROOT is done in 0 ms
[[32mINFO [m] 2020-09-06 21:46:03,962 Context.<init>() - Deploying web app directory: /Users/alexchen/programs/diytomcat/b
[[32mINFO [m] 2020-09-06 21:46:03,962 Context.<init>() - Deployment of web app directory /Users/alexchen/programs/diytomcat/b is done in 0 ms
[[32mINFO [m] 2020-09-06 21:46:03,963 Server.logJVM() - Server version:		Alex's Tomcat - v1.0.0
[[32mINFO [m] 2020-09-06 21:46:03,963 Server.logJVM() - Server built:		2020-09-04 10:20:22
[[32mINFO [m] 2020-09-06 21:46:03,963 Server.logJVM() - Server number:		1.0.1
[[32mINFO [m] 2020-09-06 21:46:03,963 Server.logJVM() - OS Name	:		Mac OS X
[[32mINFO [m] 2020-09-06 21:46:03,963 Server.logJVM() - OS Version:		10.15.6
[[32mINFO [m] 2020-09-06 21:46:03,963 Server.logJVM() - Architecture:		x86_64
[[32mINFO [m] 2020-09-06 21:46:03,963 Server.logJVM() - Java Home:		/Library/Java/JavaVirtualMachines/adoptopenjdk-8.jdk/Contents/Home/jre
[[32mINFO [m] 2020-09-06 21:46:03,963 Server.logJVM() - JVM Version:		1.8.0_265-b01
[[32mINFO [m] 2020-09-06 21:46:03,963 Server.logJVM() - JVM Vendor:		Oracle Corporation
[[32mINFO [m] 2020-09-06 21:46:07,534 Request.<init>() - Request -- /not_exist.html with Context -- Context(path=/, docBase=/Users/alexchen/programs/diytomcat/webapps/ROOT)
[[32mINFO [m] 2020-09-06 21:46:07,535 Server.run() - Request uri=/not_exist.html
[[32mINFO [m] 2020-09-06 21:46:07,540 Request.<init>() - Request -- / with Context -- Context(path=/, docBase=/Users/alexchen/programs/diytomcat/webapps/ROOT)
[[32mINFO [m] 2020-09-06 21:46:07,541 Server.run() - Request uri=/
[[32mINFO [m] 2020-09-06 21:46:07,601 Request.<init>() - Request -- /a.html with Context -- Context(path=/, docBase=/Users/alexchen/programs/diytomcat/webapps/ROOT)
[[32mINFO [m] 2020-09-06 21:46:07,602 Server.run() - Request uri=/a.html
[[32mINFO [m] 2020-09-06 21:46:07,608 Request.<init>() - Request -- /timeConsume.html with Context -- Context(path=/, docBase=/Users/alexchen/programs/diytomcat/webapps/ROOT)
[[32mINFO [m] 2020-09-06 21:46:07,608 Request.<init>() - Request -- /timeConsume.html with Context -- Context(path=/, docBase=/Users/alexchen/programs/diytomcat/webapps/ROOT)
[[32mINFO [m] 2020-09-06 21:46:07,608 Server.run() - Request uri=/timeConsume.html
[[32mINFO [m] 2020-09-06 21:46:07,608 Server.run() - Request uri=/timeConsume.html
[[32mINFO [m] 2020-09-06 21:46:07,608 Request.<init>() - Request -- /timeConsume.html with Context -- Context(path=/, docBase=/Users/alexchen/programs/diytomcat/webapps/ROOT)
[[32mINFO [m] 2020-09-06 21:46:07,610 Server.run() - Request uri=/timeConsume.html
[[32mINFO [m] 2020-09-06 21:46:08,616 Request.<init>() - Request -- /index.html with Context -- Context(path=/a, docBase=/Users/alexchen/programs/diytomcat/webapps/a)
[[32mINFO [m] 2020-09-06 21:46:08,616 Server.run() - Request uri=/index.html
[[32mINFO [m] 2020-09-06 21:46:08,618 Request.<init>() - Request -- /index.html with Context -- Context(path=/b, docBase=/Users/alexchen/programs/diytomcat/b)
[[32mINFO [m] 2020-09-06 21:46:08,618 Server.run() - Request uri=/index.html
[[32mINFO [m] 2020-09-06 21:46:08,619 Request.<init>() - Request -- /500.html with Context -- Context(path=/, docBase=/Users/alexchen/programs/diytomcat/webapps/ROOT)
[[32mINFO [m] 2020-09-06 21:46:08,620 Server.run() - Request uri=/500.html
[[1;31mERROR[m] 2020-09-06 21:46:08,620 Server.run() - this is a deliberate exception
[[32mINFO [m] 2020-09-06 21:46:08,621 Request.<init>() - Request -- / with Context -- Context(path=/a, docBase=/Users/alexchen/programs/diytomcat/webapps/a)
[[32mINFO [m] 2020-09-06 21:46:08,621 Server.run() - Request uri=/
[[32mINFO [m] 2020-09-06 21:46:08,634 Request.<init>() - Request -- /a.txt with Context -- Context(path=/, docBase=/Users/alexchen/programs/diytomcat/webapps/ROOT)
[[32mINFO [m] 2020-09-06 21:46:08,634 Server.run() - Request uri=/a.txt
[[32mINFO [m] 2020-09-06 21:47:32,077 Bootstrap.main() - Tomcat starts up
[[32mINFO [m] 2020-09-06 21:47:32,131 Context.<init>() - Deploying web app directory: /Users/alexchen/programs/diytomcat/webapps/a
[[32mINFO [m] 2020-09-06 21:47:32,131 Context.<init>() - Deployment of web app directory /Users/alexchen/programs/diytomcat/webapps/a is done in 1 ms
[[32mINFO [m] 2020-09-06 21:47:32,132 Context.<init>() - Deploying web app directory: /Users/alexchen/programs/diytomcat/webapps/ROOT
[[32mINFO [m] 2020-09-06 21:47:32,132 Context.<init>() - Deployment of web app directory /Users/alexchen/programs/diytomcat/webapps/ROOT is done in 0 ms
[[32mINFO [m] 2020-09-06 21:47:32,132 Context.<init>() - Deploying web app directory: /Users/alexchen/programs/diytomcat/b
[[32mINFO [m] 2020-09-06 21:47:32,132 Context.<init>() - Deployment of web app directory /Users/alexchen/programs/diytomcat/b is done in 0 ms
[[32mINFO [m] 2020-09-06 21:47:32,132 Server.logJVM() - Server version:		Alex's Tomcat - v1.0.0
[[32mINFO [m] 2020-09-06 21:47:32,133 Server.logJVM() - Server built:		2020-09-04 10:20:22
[[32mINFO [m] 2020-09-06 21:47:32,133 Server.logJVM() - Server number:		1.0.1
[[32mINFO [m] 2020-09-06 21:47:32,133 Server.logJVM() - OS Name	:		Mac OS X
[[32mINFO [m] 2020-09-06 21:47:32,133 Server.logJVM() - OS Version:		10.15.6
[[32mINFO [m] 2020-09-06 21:47:32,133 Server.logJVM() - Architecture:		x86_64
[[32mINFO [m] 2020-09-06 21:47:32,133 Server.logJVM() - Java Home:		/Library/Java/JavaVirtualMachines/adoptopenjdk-8.jdk/Contents/Home/jre
[[32mINFO [m] 2020-09-06 21:47:32,133 Server.logJVM() - JVM Version:		1.8.0_265-b01
[[32mINFO [m] 2020-09-06 21:47:32,133 Server.logJVM() - JVM Vendor:		Oracle Corporation
[[32mINFO [m] 2020-09-06 21:47:39,795 Request.<init>() - Request -- /a.txt with Context -- Context(path=/, docBase=/Users/alexchen/programs/diytomcat/webapps/ROOT)
[[32mINFO [m] 2020-09-06 21:47:39,796 Server.run() - Request uri=/a.txt
[[32mINFO [m] 2020-09-06 21:48:03,341 Bootstrap.main() - Tomcat starts up
[[32mINFO [m] 2020-09-06 21:48:03,395 Context.<init>() - Deploying web app directory: /Users/alexchen/programs/diytomcat/webapps/a
[[32mINFO [m] 2020-09-06 21:48:03,396 Context.<init>() - Deployment of web app directory /Users/alexchen/programs/diytomcat/webapps/a is done in 1 ms
[[32mINFO [m] 2020-09-06 21:48:03,396 Context.<init>() - Deploying web app directory: /Users/alexchen/programs/diytomcat/webapps/ROOT
[[32mINFO [m] 2020-09-06 21:48:03,396 Context.<init>() - Deployment of web app directory /Users/alexchen/programs/diytomcat/webapps/ROOT is done in 0 ms
[[32mINFO [m] 2020-09-06 21:48:03,396 Context.<init>() - Deploying web app directory: /Users/alexchen/programs/diytomcat/b
[[32mINFO [m] 2020-09-06 21:48:03,396 Context.<init>() - Deployment of web app directory /Users/alexchen/programs/diytomcat/b is done in 0 ms
[[32mINFO [m] 2020-09-06 21:48:03,397 Server.logJVM() - Server version:		Alex's Tomcat - v1.0.0
[[32mINFO [m] 2020-09-06 21:48:03,397 Server.logJVM() - Server built:		2020-09-04 10:20:22
[[32mINFO [m] 2020-09-06 21:48:03,397 Server.logJVM() - Server number:		1.0.1
[[32mINFO [m] 2020-09-06 21:48:03,397 Server.logJVM() - OS Name	:		Mac OS X
[[32mINFO [m] 2020-09-06 21:48:03,397 Server.logJVM() - OS Version:		10.15.6
[[32mINFO [m] 2020-09-06 21:48:03,397 Server.logJVM() - Architecture:		x86_64
[[32mINFO [m] 2020-09-06 21:48:03,397 Server.logJVM() - Java Home:		/Library/Java/JavaVirtualMachines/adoptopenjdk-8.jdk/Contents/Home/jre
[[32mINFO [m] 2020-09-06 21:48:03,397 Server.logJVM() - JVM Version:		1.8.0_265-b01
[[32mINFO [m] 2020-09-06 21:48:03,397 Server.logJVM() - JVM Vendor:		Oracle Corporation
[[32mINFO [m] 2020-09-06 21:48:05,655 Request.<init>() - Request -- /a.txt with Context -- Context(path=/a, docBase=/Users/alexchen/programs/diytomcat/webapps/a)
[[32mINFO [m] 2020-09-06 21:48:05,655 Server.run() - Request uri=/a.txt
[[32mINFO [m] 2020-09-06 21:48:05,702 Server.run() - MimeType=text/plain
[[32mINFO [m] 2020-09-06 22:03:47,996 Bootstrap.main() - Tomcat starts up
[[32mINFO [m] 2020-09-06 22:03:48,051 Context.<init>() - Deploying web app directory: /Users/alexchen/programs/diytomcat/webapps/a
[[32mINFO [m] 2020-09-06 22:03:48,051 Context.<init>() - Deployment of web app directory /Users/alexchen/programs/diytomcat/webapps/a is done in 1 ms
[[32mINFO [m] 2020-09-06 22:03:48,051 Context.<init>() - Deploying web app directory: /Users/alexchen/programs/diytomcat/webapps/ROOT
[[32mINFO [m] 2020-09-06 22:03:48,051 Context.<init>() - Deployment of web app directory /Users/alexchen/programs/diytomcat/webapps/ROOT is done in 0 ms
[[32mINFO [m] 2020-09-06 22:03:48,052 Context.<init>() - Deploying web app directory: /Users/alexchen/programs/diytomcat/b
[[32mINFO [m] 2020-09-06 22:03:48,052 Context.<init>() - Deployment of web app directory /Users/alexchen/programs/diytomcat/b is done in 0 ms
[[32mINFO [m] 2020-09-06 22:03:48,052 Server.logJVM() - Server version:		Alex's Tomcat - v1.0.0
[[32mINFO [m] 2020-09-06 22:03:48,052 Server.logJVM() - Server built:		2020-09-04 10:20:22
[[32mINFO [m] 2020-09-06 22:03:48,052 Server.logJVM() - Server number:		1.0.1
[[32mINFO [m] 2020-09-06 22:03:48,052 Server.logJVM() - OS Name	:		Mac OS X
[[32mINFO [m] 2020-09-06 22:03:48,052 Server.logJVM() - OS Version:		10.15.6
[[32mINFO [m] 2020-09-06 22:03:48,052 Server.logJVM() - Architecture:		x86_64
[[32mINFO [m] 2020-09-06 22:03:48,052 Server.logJVM() - Java Home:		/Library/Java/JavaVirtualMachines/adoptopenjdk-8.jdk/Contents/Home/jre
[[32mINFO [m] 2020-09-06 22:03:48,053 Server.logJVM() - JVM Version:		1.8.0_265-b01
[[32mINFO [m] 2020-09-06 22:03:48,053 Server.logJVM() - JVM Vendor:		Oracle Corporation
[[32mINFO [m] 2020-09-06 22:03:54,255 Request.<init>() - Request -- / with Context -- Context(path=/, docBase=/Users/alexchen/programs/diytomcat/webapps/ROOT)
[[32mINFO [m] 2020-09-06 22:03:54,256 Server.run() - Request uri=/
[[32mINFO [m] 2020-09-06 22:03:54,319 Server.run() - MimeType=text/html
[[32mINFO [m] 2020-09-06 22:03:54,323 Request.<init>() - Request -- /not_exist.html with Context -- Context(path=/, docBase=/Users/alexchen/programs/diytomcat/webapps/ROOT)
[[32mINFO [m] 2020-09-06 22:03:54,324 Server.run() - Request uri=/not_exist.html
[[32mINFO [m] 2020-09-06 22:03:54,326 Request.<init>() - Request -- /a.html with Context -- Context(path=/, docBase=/Users/alexchen/programs/diytomcat/webapps/ROOT)
[[32mINFO [m] 2020-09-06 22:03:54,326 Server.run() - Request uri=/a.html
[[32mINFO [m] 2020-09-06 22:03:54,327 Server.run() - MimeType=text/html
[[32mINFO [m] 2020-09-06 22:03:54,334 Request.<init>() - Request -- /timeConsume.html with Context -- Context(path=/, docBase=/Users/alexchen/programs/diytomcat/webapps/ROOT)
[[32mINFO [m] 2020-09-06 22:03:54,334 Request.<init>() - Request -- /timeConsume.html with Context -- Context(path=/, docBase=/Users/alexchen/programs/diytomcat/webapps/ROOT)
[[32mINFO [m] 2020-09-06 22:03:54,334 Server.run() - Request uri=/timeConsume.html
[[32mINFO [m] 2020-09-06 22:03:54,335 Server.run() - Request uri=/timeConsume.html
[[32mINFO [m] 2020-09-06 22:03:54,335 Server.run() - MimeType=text/html
[[32mINFO [m] 2020-09-06 22:03:54,335 Server.run() - MimeType=text/html
[[32mINFO [m] 2020-09-06 22:03:54,334 Request.<init>() - Request -- /timeConsume.html with Context -- Context(path=/, docBase=/Users/alexchen/programs/diytomcat/webapps/ROOT)
[[32mINFO [m] 2020-09-06 22:03:54,336 Server.run() - Request uri=/timeConsume.html
[[32mINFO [m] 2020-09-06 22:03:54,336 Server.run() - MimeType=text/html
[[32mINFO [m] 2020-09-06 22:03:55,338 Request.<init>() - Request -- /index.html with Context -- Context(path=/a, docBase=/Users/alexchen/programs/diytomcat/webapps/a)
[[32mINFO [m] 2020-09-06 22:03:55,339 Server.run() - Request uri=/index.html
[[32mINFO [m] 2020-09-06 22:03:55,339 Server.run() - MimeType=text/html
[[32mINFO [m] 2020-09-06 22:03:55,341 Request.<init>() - Request -- /index.html with Context -- Context(path=/b, docBase=/Users/alexchen/programs/diytomcat/b)
[[32mINFO [m] 2020-09-06 22:03:55,341 Server.run() - Request uri=/index.html
[[32mINFO [m] 2020-09-06 22:03:55,341 Server.run() - MimeType=text/html
[[32mINFO [m] 2020-09-06 22:03:55,342 Request.<init>() - Request -- /500.html with Context -- Context(path=/, docBase=/Users/alexchen/programs/diytomcat/webapps/ROOT)
[[32mINFO [m] 2020-09-06 22:03:55,343 Server.run() - Request uri=/500.html
[[1;31mERROR[m] 2020-09-06 22:03:55,343 Server.run() - this is a deliberate exception
[[32mINFO [m] 2020-09-06 22:03:55,344 Request.<init>() - Request -- / with Context -- Context(path=/a, docBase=/Users/alexchen/programs/diytomcat/webapps/a)
[[32mINFO [m] 2020-09-06 22:03:55,344 Server.run() - Request uri=/
[[32mINFO [m] 2020-09-06 22:03:55,356 Server.run() - MimeType=text/html
[[32mINFO [m] 2020-09-06 22:03:55,358 Request.<init>() - Request -- /a.txt with Context -- Context(path=/a, docBase=/Users/alexchen/programs/diytomcat/webapps/a)
[[32mINFO [m] 2020-09-06 22:03:55,358 Server.run() - Request uri=/a.txt
[[32mINFO [m] 2020-09-06 22:03:55,358 Server.run() - MimeType=text/plain
[[32mINFO [m] 2020-09-06 22:03:55,359 Request.<init>() - Request -- /car.png with Context -- Context(path=/, docBase=/Users/alexchen/programs/diytomcat/webapps/ROOT)
[[32mINFO [m] 2020-09-06 22:03:55,359 Server.run() - Request uri=/car.png
[[36mDEBUG[m] 2020-09-06 22:03:55,668 LogFactory.create() - Use [Slf4j] Logger As Default.
[[32mINFO [m] 2020-09-06 22:03:55,677 Request.<init>() - Request -- /sample.pdf with Context -- Context(path=/, docBase=/Users/alexchen/programs/diytomcat/webapps/ROOT)
[[32mINFO [m] 2020-09-06 22:03:55,678 Server.run() - Request uri=/sample.pdf
[[32mINFO [m] 2020-09-06 22:03:55,678 Server.run() - MimeType=application/pdf
[[32mINFO [m] 2020-09-06 22:04:25,028 Request.<init>() - Request -- / with Context -- Context(path=/, docBase=/Users/alexchen/programs/diytomcat/webapps/ROOT)
[[32mINFO [m] 2020-09-06 22:04:25,028 Server.run() - Request uri=/
[[32mINFO [m] 2020-09-06 22:04:25,037 Server.run() - MimeType=text/html
[[32mINFO [m] 2020-09-06 22:04:25,040 Request.<init>() - Request -- /a.html with Context -- Context(path=/, docBase=/Users/alexchen/programs/diytomcat/webapps/ROOT)
[[32mINFO [m] 2020-09-06 22:04:25,040 Server.run() - Request uri=/a.html
[[32mINFO [m] 2020-09-06 22:04:25,041 Server.run() - MimeType=text/html
[[32mINFO [m] 2020-09-06 22:04:25,046 Request.<init>() - Request -- /timeConsume.html with Context -- Context(path=/, docBase=/Users/alexchen/programs/diytomcat/webapps/ROOT)
[[32mINFO [m] 2020-09-06 22:04:25,046 Request.<init>() - Request -- /timeConsume.html with Context -- Context(path=/, docBase=/Users/alexchen/programs/diytomcat/webapps/ROOT)
[[32mINFO [m] 2020-09-06 22:04:25,046 Request.<init>() - Request -- /timeConsume.html with Context -- Context(path=/, docBase=/Users/alexchen/programs/diytomcat/webapps/ROOT)
[[32mINFO [m] 2020-09-06 22:04:25,047 Server.run() - Request uri=/timeConsume.html
[[32mINFO [m] 2020-09-06 22:04:25,047 Server.run() - Request uri=/timeConsume.html
[[32mINFO [m] 2020-09-06 22:04:25,047 Server.run() - Request uri=/timeConsume.html
[[32mINFO [m] 2020-09-06 22:04:25,047 Server.run() - MimeType=text/html
[[32mINFO [m] 2020-09-06 22:04:25,047 Server.run() - MimeType=text/html
[[32mINFO [m] 2020-09-06 22:04:25,047 Server.run() - MimeType=text/html
[[32mINFO [m] 2020-09-06 22:04:26,049 Request.<init>() - Request -- /index.html with Context -- Context(path=/a, docBase=/Users/alexchen/programs/diytomcat/webapps/a)
[[32mINFO [m] 2020-09-06 22:04:26,050 Server.run() - Request uri=/index.html
[[32mINFO [m] 2020-09-06 22:04:26,050 Server.run() - MimeType=text/html
[[32mINFO [m] 2020-09-06 22:04:26,051 Request.<init>() - Request -- /index.html with Context -- Context(path=/b, docBase=/Users/alexchen/programs/diytomcat/b)
[[32mINFO [m] 2020-09-06 22:04:26,051 Server.run() - Request uri=/index.html
[[32mINFO [m] 2020-09-06 22:04:26,051 Server.run() - MimeType=text/html
[[32mINFO [m] 2020-09-06 22:04:26,052 Request.<init>() - Request -- /not_exist.html with Context -- Context(path=/, docBase=/Users/alexchen/programs/diytomcat/webapps/ROOT)
[[32mINFO [m] 2020-09-06 22:04:26,052 Server.run() - Request uri=/not_exist.html
[[32mINFO [m] 2020-09-06 22:04:26,053 Request.<init>() - Request -- /500.html with Context -- Context(path=/, docBase=/Users/alexchen/programs/diytomcat/webapps/ROOT)
[[32mINFO [m] 2020-09-06 22:04:26,053 Server.run() - Request uri=/500.html
[[1;31mERROR[m] 2020-09-06 22:04:26,053 Server.run() - this is a deliberate exception
[[32mINFO [m] 2020-09-06 22:04:26,054 Request.<init>() - Request -- / with Context -- Context(path=/a, docBase=/Users/alexchen/programs/diytomcat/webapps/a)
[[32mINFO [m] 2020-09-06 22:04:26,054 Server.run() - Request uri=/
[[32mINFO [m] 2020-09-06 22:04:26,063 Server.run() - MimeType=text/html
[[32mINFO [m] 2020-09-06 22:04:26,064 Request.<init>() - Request -- /a.txt with Context -- Context(path=/a, docBase=/Users/alexchen/programs/diytomcat/webapps/a)
[[32mINFO [m] 2020-09-06 22:04:26,064 Server.run() - Request uri=/a.txt
[[32mINFO [m] 2020-09-06 22:04:26,064 Server.run() - MimeType=text/plain
[[32mINFO [m] 2020-09-06 22:04:26,065 Request.<init>() - Request -- /car.png with Context -- Context(path=/, docBase=/Users/alexchen/programs/diytomcat/webapps/ROOT)
[[32mINFO [m] 2020-09-06 22:04:26,065 Server.run() - Request uri=/car.png
[[36mDEBUG[m] 2020-09-06 22:04:26,378 LogFactory.create() - Use [Slf4j] Logger As Default.
[[32mINFO [m] 2020-09-06 22:04:26,387 Request.<init>() - Request -- /sample.pdf with Context -- Context(path=/, docBase=/Users/alexchen/programs/diytomcat/webapps/ROOT)
[[32mINFO [m] 2020-09-06 22:04:26,387 Server.run() - Request uri=/sample.pdf
[[32mINFO [m] 2020-09-06 22:04:26,387 Server.run() - MimeType=application/pdf
[[32mINFO [m] 2020-09-06 22:04:38,914 Request.<init>() - Request -- /car.png with Context -- Context(path=/, docBase=/Users/alexchen/programs/diytomcat/webapps/ROOT)
[[32mINFO [m] 2020-09-06 22:04:38,915 Server.run() - Request uri=/car.png
[[32mINFO [m] 2020-09-06 22:04:43,148 Request.<init>() - Request -- /car.jpg with Context -- Context(path=/, docBase=/Users/alexchen/programs/diytomcat/webapps/ROOT)
[[32mINFO [m] 2020-09-06 22:04:43,148 Server.run() - Request uri=/car.jpg
[[32mINFO [m] 2020-09-06 22:04:43,148 Server.run() - MimeType=image/jpeg
[[32mINFO [m] 2020-09-06 22:04:59,540 Request.<init>() - Request -- /sample.pdf with Context -- Context(path=/, docBase=/Users/alexchen/programs/diytomcat/webapps/ROOT)
[[32mINFO [m] 2020-09-06 22:04:59,540 Server.run() - Request uri=/sample.pdf
[[32mINFO [m] 2020-09-06 22:04:59,540 Server.run() - MimeType=application/pdf
[[32mINFO [m] 2020-09-06 22:19:14,089 Bootstrap.main() - Tomcat starts up
[[32mINFO [m] 2020-09-06 22:19:14,144 Context.<init>() - Deploying web app directory: /Users/alexchen/programs/diytomcat/webapps/a
[[32mINFO [m] 2020-09-06 22:19:14,144 Context.<init>() - Deployment of web app directory /Users/alexchen/programs/diytomcat/webapps/a is done in 1 ms
[[32mINFO [m] 2020-09-06 22:19:14,144 Context.<init>() - Deploying web app directory: /Users/alexchen/programs/diytomcat/webapps/ROOT
[[32mINFO [m] 2020-09-06 22:19:14,144 Context.<init>() - Deployment of web app directory /Users/alexchen/programs/diytomcat/webapps/ROOT is done in 0 ms
[[32mINFO [m] 2020-09-06 22:19:14,145 Context.<init>() - Deploying web app directory: /Users/alexchen/programs/diytomcat/b
[[32mINFO [m] 2020-09-06 22:19:14,145 Context.<init>() - Deployment of web app directory /Users/alexchen/programs/diytomcat/b is done in 0 ms
[[32mINFO [m] 2020-09-06 22:19:14,152 Server.logJVM() - Server version:		Alex's Tomcat - v1.0.0
[[32mINFO [m] 2020-09-06 22:19:14,152 Server.logJVM() - Server built:		2020-09-04 10:20:22
[[32mINFO [m] 2020-09-06 22:19:14,152 Server.logJVM() - Server number:		1.0.1
[[32mINFO [m] 2020-09-06 22:19:14,152 Server.logJVM() - OS Name	:		Mac OS X
[[32mINFO [m] 2020-09-06 22:19:14,152 Server.logJVM() - OS Version:		10.15.6
[[32mINFO [m] 2020-09-06 22:19:14,152 Server.logJVM() - Architecture:		x86_64
[[32mINFO [m] 2020-09-06 22:19:14,152 Server.logJVM() - Java Home:		/Library/Java/JavaVirtualMachines/adoptopenjdk-8.jdk/Contents/Home/jre
[[32mINFO [m] 2020-09-06 22:19:14,152 Server.logJVM() - JVM Version:		1.8.0_265-b01
[[32mINFO [m] 2020-09-06 22:19:14,152 Server.logJVM() - JVM Vendor:		Oracle Corporation
[[32mINFO [m] 2020-09-06 22:19:14,153 Connector.init() - Initializing ProtocolHandler [http-bio-18080]
[[32mINFO [m] 2020-09-06 22:19:14,153 Connector.init() - Initializing ProtocolHandler [http-bio-18081]
[[32mINFO [m] 2020-09-06 22:19:14,153 Connector.init() - Initializing ProtocolHandler [http-bio-18082]
[[32mINFO [m] 2020-09-06 22:19:14,153 Service.init() - Initialization processed in 1 ms
[[32mINFO [m] 2020-09-06 22:19:14,153 Connector.start() - Starting ProtocolHandler [http-bio-18080]
[[32mINFO [m] 2020-09-06 22:19:14,153 Connector.start() - Starting ProtocolHandler [http-bio-18081]
[[32mINFO [m] 2020-09-06 22:19:14,153 Connector.start() - Starting ProtocolHandler [http-bio-18082]
[[32mINFO [m] 2020-09-06 22:19:14,153 Server.start() - Server starts up in 1 ms
[[32mINFO [m] 2020-09-06 22:19:17,938 Request.<init>() - Request -- / with Context -- Context(path=/, docBase=/Users/alexchen/programs/diytomcat/webapps/ROOT)
[[32mINFO [m] 2020-09-06 22:19:17,939 Connector.run() - Request uri=/
[[32mINFO [m] 2020-09-06 22:19:17,998 Connector.run() - MimeType=text/html
[[32mINFO [m] 2020-09-06 22:19:18,002 Request.<init>() - Request -- /not_exist.html with Context -- Context(path=/, docBase=/Users/alexchen/programs/diytomcat/webapps/ROOT)
[[32mINFO [m] 2020-09-06 22:19:18,002 Connector.run() - Request uri=/not_exist.html
[[32mINFO [m] 2020-09-06 22:19:18,004 Request.<init>() - Request -- /a.html with Context -- Context(path=/, docBase=/Users/alexchen/programs/diytomcat/webapps/ROOT)
[[32mINFO [m] 2020-09-06 22:19:18,004 Connector.run() - Request uri=/a.html
[[32mINFO [m] 2020-09-06 22:19:18,005 Connector.run() - MimeType=text/html
[[32mINFO [m] 2020-09-06 22:19:18,011 Request.<init>() - Request -- /timeConsume.html with Context -- Context(path=/, docBase=/Users/alexchen/programs/diytomcat/webapps/ROOT)
[[32mINFO [m] 2020-09-06 22:19:18,011 Request.<init>() - Request -- /timeConsume.html with Context -- Context(path=/, docBase=/Users/alexchen/programs/diytomcat/webapps/ROOT)
[[32mINFO [m] 2020-09-06 22:19:18,012 Connector.run() - Request uri=/timeConsume.html
[[32mINFO [m] 2020-09-06 22:19:18,012 Connector.run() - Request uri=/timeConsume.html
[[32mINFO [m] 2020-09-06 22:19:18,012 Connector.run() - MimeType=text/html
[[32mINFO [m] 2020-09-06 22:19:18,012 Connector.run() - MimeType=text/html
[[32mINFO [m] 2020-09-06 22:19:18,011 Request.<init>() - Request -- /timeConsume.html with Context -- Context(path=/, docBase=/Users/alexchen/programs/diytomcat/webapps/ROOT)
[[32mINFO [m] 2020-09-06 22:19:18,013 Connector.run() - Request uri=/timeConsume.html
[[32mINFO [m] 2020-09-06 22:19:18,013 Connector.run() - MimeType=text/html
[[32mINFO [m] 2020-09-06 22:19:19,016 Request.<init>() - Request -- /index.html with Context -- Context(path=/a, docBase=/Users/alexchen/programs/diytomcat/webapps/a)
[[32mINFO [m] 2020-09-06 22:19:19,017 Connector.run() - Request uri=/index.html
[[32mINFO [m] 2020-09-06 22:19:19,017 Connector.run() - MimeType=text/html
[[32mINFO [m] 2020-09-06 22:19:19,019 Request.<init>() - Request -- /index.html with Context -- Context(path=/b, docBase=/Users/alexchen/programs/diytomcat/b)
[[32mINFO [m] 2020-09-06 22:19:19,019 Connector.run() - Request uri=/index.html
[[32mINFO [m] 2020-09-06 22:19:19,019 Connector.run() - MimeType=text/html
[[32mINFO [m] 2020-09-06 22:19:19,020 Request.<init>() - Request -- /500.html with Context -- Context(path=/, docBase=/Users/alexchen/programs/diytomcat/webapps/ROOT)
[[32mINFO [m] 2020-09-06 22:19:19,021 Connector.run() - Request uri=/500.html
[[1;31mERROR[m] 2020-09-06 22:19:19,021 Connector.run() - this is a deliberate exception
[[32mINFO [m] 2020-09-06 22:19:19,022 Request.<init>() - Request -- / with Context -- Context(path=/a, docBase=/Users/alexchen/programs/diytomcat/webapps/a)
[[32mINFO [m] 2020-09-06 22:19:19,022 Connector.run() - Request uri=/
[[32mINFO [m] 2020-09-06 22:19:19,034 Connector.run() - MimeType=text/html
[[32mINFO [m] 2020-09-06 22:19:19,036 Request.<init>() - Request -- /a.txt with Context -- Context(path=/a, docBase=/Users/alexchen/programs/diytomcat/webapps/a)
[[32mINFO [m] 2020-09-06 22:19:19,036 Connector.run() - Request uri=/a.txt
[[32mINFO [m] 2020-09-06 22:19:19,036 Connector.run() - MimeType=text/plain
[[32mINFO [m] 2020-09-06 22:19:19,037 Request.<init>() - Request -- /car.png with Context -- Context(path=/, docBase=/Users/alexchen/programs/diytomcat/webapps/ROOT)
[[32mINFO [m] 2020-09-06 22:19:19,037 Connector.run() - Request uri=/car.png
[[36mDEBUG[m] 2020-09-06 22:19:19,340 LogFactory.create() - Use [Slf4j] Logger As Default.
[[32mINFO [m] 2020-09-06 22:19:19,349 Request.<init>() - Request -- /sample.pdf with Context -- Context(path=/, docBase=/Users/alexchen/programs/diytomcat/webapps/ROOT)
[[32mINFO [m] 2020-09-06 22:19:19,349 Connector.run() - Request uri=/sample.pdf
[[32mINFO [m] 2020-09-06 22:19:19,349 Connector.run() - MimeType=application/pdf
[[32mINFO [m] 2020-09-06 22:19:33,066 Bootstrap.main() - Tomcat starts up
[[32mINFO [m] 2020-09-06 22:19:33,121 Context.<init>() - Deploying web app directory: /Users/alexchen/programs/diytomcat/webapps/a
[[32mINFO [m] 2020-09-06 22:19:33,121 Context.<init>() - Deployment of web app directory /Users/alexchen/programs/diytomcat/webapps/a is done in 1 ms
[[32mINFO [m] 2020-09-06 22:19:33,121 Context.<init>() - Deploying web app directory: /Users/alexchen/programs/diytomcat/webapps/ROOT
[[32mINFO [m] 2020-09-06 22:19:33,122 Context.<init>() - Deployment of web app directory /Users/alexchen/programs/diytomcat/webapps/ROOT is done in 0 ms
[[32mINFO [m] 2020-09-06 22:19:33,122 Context.<init>() - Deploying web app directory: /Users/alexchen/programs/diytomcat/b
[[32mINFO [m] 2020-09-06 22:19:33,122 Context.<init>() - Deployment of web app directory /Users/alexchen/programs/diytomcat/b is done in 0 ms
[[32mINFO [m] 2020-09-06 22:19:33,129 Server.logJVM() - Server version:		Alex's Tomcat - v1.0.0
[[32mINFO [m] 2020-09-06 22:19:33,129 Server.logJVM() - Server built:		2020-09-04 10:20:22
[[32mINFO [m] 2020-09-06 22:19:33,129 Server.logJVM() - Server number:		1.0.1
[[32mINFO [m] 2020-09-06 22:19:33,129 Server.logJVM() - OS Name	:		Mac OS X
[[32mINFO [m] 2020-09-06 22:19:33,130 Server.logJVM() - OS Version:		10.15.6
[[32mINFO [m] 2020-09-06 22:19:33,130 Server.logJVM() - Architecture:		x86_64
[[32mINFO [m] 2020-09-06 22:19:33,130 Server.logJVM() - Java Home:		/Library/Java/JavaVirtualMachines/adoptopenjdk-8.jdk/Contents/Home/jre
[[32mINFO [m] 2020-09-06 22:19:33,130 Server.logJVM() - JVM Version:		1.8.0_265-b01
[[32mINFO [m] 2020-09-06 22:19:33,130 Server.logJVM() - JVM Vendor:		Oracle Corporation
[[32mINFO [m] 2020-09-06 22:19:33,130 Connector.init() - Initializing ProtocolHandler [http-bio-18080]
[[32mINFO [m] 2020-09-06 22:19:33,130 Connector.init() - Initializing ProtocolHandler [http-bio-18081]
[[32mINFO [m] 2020-09-06 22:19:33,130 Connector.init() - Initializing ProtocolHandler [http-bio-18082]
[[32mINFO [m] 2020-09-06 22:19:33,130 Service.init() - Initialization processed in 0 ms
[[32mINFO [m] 2020-09-06 22:19:33,130 Connector.start() - Starting ProtocolHandler [http-bio-18080]
[[32mINFO [m] 2020-09-06 22:19:33,131 Connector.start() - Starting ProtocolHandler [http-bio-18081]
[[32mINFO [m] 2020-09-06 22:19:33,131 Connector.start() - Starting ProtocolHandler [http-bio-18082]
[[32mINFO [m] 2020-09-06 22:19:33,131 Server.start() - Server starts up in 2 ms
